
Gurobi 9.5.2 (win64) logging started Sat Sep  3 04:09:32 2022

Set parameter LogFile to value "../results_for_config-ALMS_county_step-expmax/MS-county-step-exp-40.log"
Set parameter LogToConsole to value 0
Gurobi Optimizer version 9.5.2 build v9.5.2rc0 (win64)
Thread count: 18 physical cores, 36 logical processors, using up to 18 threads
Optimize a model with 586 rows, 832 columns and 2788 nonzeros
Model fingerprint: 0x579b602e
Variable types: 12 continuous, 820 integer (820 binary)
Coefficient statistics:
  Matrix range     [2e-02, 2e+06]
  Objective range  [1e+00, 1e+00]
  Bounds range     [1e+00, 1e+00]
  RHS range        [1e+00, 8e+05]

User MIP start produced solution with objective 1.59313 (0.01s)
Loaded user MIP start with objective 1.59313

Presolve removed 32 rows and 300 columns
Presolve time: 0.00s
Presolved: 554 rows, 532 columns, 2673 nonzeros
Variable types: 4 continuous, 528 integer (520 binary)

Concurrent LP optimizer: primal simplex, dual simplex, and barrier
Showing barrier log only...

Root barrier log...

Ordering time: 0.00s

Barrier statistics:
 AA' NZ     : 7.798e+03
 Factor NZ  : 1.540e+04 (roughly 1 MB of memory)
 Factor Ops : 5.455e+05 (less than 1 second per iteration)
 Threads    : 1

                  Objective                Residual
Iter       Primal          Dual         Primal    Dual     Compl     Time
   0   3.25795948e+03  2.00852450e+04  1.67e+04 2.62e-02  1.60e+02     0s
   1   9.83868706e+00  1.72161302e+04  6.80e+03 6.66e-16  5.42e+01     0s
   2   4.82046779e-01  7.12374694e+03  6.33e+00 7.77e-16  4.68e+00     0s
   3   8.00592768e-01  5.67920309e+02  1.29e-01 5.55e-16  3.71e-01     0s

Barrier performed 3 iterations in 0.05 seconds (0.01 work units)
Barrier solve interrupted - model solved by another algorithm


Solved with primal simplex

Root relaxation: objective 3.555505e+00, 258 iterations, 0.02 seconds (0.00 work units)

    Nodes    |    Current Node    |     Objective Bounds      |     Work
 Expl Unexpl |  Obj  Depth IntInf | Incumbent    BestBd   Gap | It/Node Time

     0     0    3.55550    0   87    1.59313    3.55550   123%     -    0s
     0     0    3.22856    0  119    1.59313    3.22856   103%     -    0s
     0     0    3.21403    0  120    1.59313    3.21403   102%     -    0s
     0     0    3.10200    0  117    1.59313    3.10200  94.7%     -    0s
     0     0    3.07560    0  115    1.59313    3.07560  93.1%     -    0s
     0     0    3.05843    0  114    1.59313    3.05843  92.0%     -    0s
     0     0    3.05076    0  117    1.59313    3.05076  91.5%     -    0s
     0     0    3.04656    0  116    1.59313    3.04656  91.2%     -    0s
     0     0    3.04635    0  116    1.59313    3.04635  91.2%     -    0s
     0     0    3.04617    0  116    1.59313    3.04617  91.2%     -    0s
     0     0    3.04617    0  116    1.59313    3.04617  91.2%     -    0s
     0     0    2.90253    0  104    1.59313    2.90253  82.2%     -    0s
     0     0    2.88191    0  125    1.59313    2.88191  80.9%     -    0s
     0     0    2.87730    0  121    1.59313    2.87730  80.6%     -    0s
     0     0    2.87516    0  125    1.59313    2.87516  80.5%     -    0s
     0     0    2.86921    0  125    1.59313    2.86921  80.1%     -    0s
     0     0    2.86794    0  126    1.59313    2.86794  80.0%     -    0s
     0     0    2.86771    0  126    1.59313    2.86771  80.0%     -    0s
     0     0    2.86768    0  126    1.59313    2.86768  80.0%     -    0s
     0     0    2.84767    0  117    1.59313    2.84767  78.7%     -    0s
     0     0    2.83596    0  114    1.59313    2.83596  78.0%     -    0s
     0     0    2.83052    0  117    1.59313    2.83052  77.7%     -    0s
     0     0    2.83033    0  117    1.59313    2.83033  77.7%     -    0s
     0     0    2.80869    0  115    1.59313    2.80869  76.3%     -    0s
     0     0    2.80283    0  124    1.59313    2.80283  75.9%     -    0s
     0     0    2.80235    0  124    1.59313    2.80235  75.9%     -    0s
     0     0    2.78998    0  121    1.59313    2.78998  75.1%     -    0s
     0     0    2.78744    0  112    1.59313    2.78744  75.0%     -    0s
     0     0    2.78741    0  113    1.59313    2.78741  75.0%     -    0s
     0     0    2.78173    0  118    1.59313    2.78173  74.6%     -    0s
     0     0    2.77921    0  116    1.59313    2.77921  74.4%     -    0s
     0     0    2.77860    0  118    1.59313    2.77860  74.4%     -    0s
     0     0    2.77847    0  118    1.59313    2.77847  74.4%     -    0s
     0     0    2.76871    0  124    1.59313    2.76871  73.8%     -    0s
     0     0    2.76520    0  127    1.59313    2.76520  73.6%     -    0s
     0     0    2.76369    0  125    1.59313    2.76369  73.5%     -    0s
     0     0    2.76361    0  124    1.59313    2.76361  73.5%     -    0s
     0     0    2.76050    0  122    1.59313    2.76050  73.3%     -    0s
     0     0    2.75823    0  124    1.59313    2.75823  73.1%     -    0s
     0     0    2.75731    0  126    1.59313    2.75731  73.1%     -    0s
     0     0    2.75720    0  126    1.59313    2.75720  73.1%     -    0s
     0     0    2.75588    0  127    1.59313    2.75588  73.0%     -    0s
     0     0    2.75487    0  130    1.59313    2.75487  72.9%     -    0s
     0     0    2.75384    0  130    1.59313    2.75384  72.9%     -    0s
     0     0    2.75340    0  128    1.59313    2.75340  72.8%     -    0s
     0     0    2.75307    0  129    1.59313    2.75307  72.8%     -    0s
     0     0    2.75302    0  128    1.59313    2.75302  72.8%     -    0s
     0     0    2.75176    0  129    1.59313    2.75176  72.7%     -    0s
     0     0    2.75143    0  128    1.59313    2.75143  72.7%     -    0s
     0     0    2.75007    0  133    1.59313    2.75007  72.6%     -    0s
     0     0    2.75006    0  134    1.59313    2.75006  72.6%     -    0s
     0     0    2.74857    0  130    1.59313    2.74857  72.5%     -    0s
     0     0    2.74857    0  130    1.59313    2.74857  72.5%     -    0s
     0     2    2.74857    0  130    1.59313    2.74857  72.5%     -    0s
  4107  3430    2.50250   35  148    1.59313    2.53119  58.9%  16.6    5s
  4189  3484    2.01594   91  128    1.59313    2.48162  55.8%  16.2   10s
  4319  3574    2.12173   48  142    1.59313    2.43410  52.8%  23.5   15s
H 4445  3483                       1.6505909    2.39681  45.2%  26.4   17s
  9780  5434 infeasible   65         1.65059    2.38002  44.2%  32.6   20s
H11108  5545                       1.6505909    2.32676  41.0%  32.2   22s
 16699  8936    1.65546   75   44    1.65059    2.16156  31.0%  32.9   25s
 24654 13724    1.65362   76   26    1.65059    2.09808  27.1%  38.6   30s
H24693 13724                       1.6505909    2.09808  27.1%  38.7   30s
H24698 10016                       1.6827777    2.09808  24.7%  38.7   30s
 33889 16140 infeasible   56         1.68278    2.03337  20.8%  43.4   35s
 48497 26158    1.88300   47   60    1.68278    1.97765  17.5%  46.4   40s
 57762 31909    1.68294   99   22    1.68278    1.94734  15.7%  48.8   45s
 67543 37951    1.79094   58   57    1.68278    1.92665  14.5%  50.4   50s
 77027 43120 infeasible  154         1.68278    1.90579  13.3%  51.6   61s
 82941 47642    1.78535   49   47    1.68278    1.89383  12.5%  52.4   65s
 93944 54479    1.80637   50   52    1.68278    1.87560  11.5%  54.0   70s
 100760 58637    1.69479   86   41    1.68278    1.86749  11.0%  54.6   75s
 109818 64385    1.74200   73   32    1.68278    1.85718  10.4%  55.8   80s
 118457 69814    1.72104   75   38    1.68278    1.85093  10.0%  56.4   85s
 125552 74372    1.81454   49   99    1.68278    1.84551  9.67%  56.8   90s
 132399 78481    1.69349   70   49    1.68278    1.83994  9.34%  57.3   95s
H133976 79137                       1.6827777    1.83893  9.28%  57.6   96s
H134931 79547                       1.6827777    1.83853  9.26%  57.7   98s
 136581 80954    1.74184   49   94    1.68278    1.83745  9.19%  58.0  100s
 143587 85476    1.76222   49   79    1.68278    1.83311  8.93%  59.0  105s
H148453 42499                       1.7143235    1.83015  6.76%  59.5  110s
 153586 44792    1.72533   68   35    1.71432    1.82521  6.47%  60.2  115s
 159179 47867    1.73975   67   61    1.71432    1.82128  6.24%  61.0  120s
 162665 49318    1.76070   93   55    1.71432    1.81910  6.11%  61.5  125s
 167584 52186    1.75848   58   72    1.71432    1.81538  5.89%  62.2  130s
 174088 55720    1.73636   88   48    1.71432    1.81024  5.60%  63.2  135s
H176565 56863                       1.7143235    1.80843  5.49%  63.6  137s
 178575 57977    1.74556   67   24    1.71432    1.80691  5.40%  63.8  140s
H180092 58586                       1.7143235    1.80605  5.35%  64.1  142s
 182007 59812    1.72198   81   49    1.71432    1.80529  5.31%  64.3  145s
 186146 61658 infeasible   68         1.71432    1.80210  5.12%  65.0  151s
 191028 64234    1.73058   61   51    1.71432    1.79911  4.95%  65.6  156s
 195258 66397 infeasible   54         1.71432    1.79593  4.76%  66.2  160s
 199800 68558    1.76213   90   57    1.71432    1.79290  4.58%  66.8  165s
 205068 71454 infeasible   60         1.71432    1.79290  4.58%  67.0  170s
 210210 74290 infeasible   77         1.71432    1.79147  4.50%  67.4  175s
 211247 74393    1.73578   78   42    1.71432    1.79147  4.50%  67.6  181s
H211317 74393                       1.7143235    1.79147  4.50%  67.6  181s
 213999 76479    1.72721   66   77    1.71432    1.79094  4.47%  67.7  185s
 218807 79145 infeasible   55         1.71432    1.78971  4.40%  68.2  190s
 220282 79325    1.72571  113   23    1.71432    1.78944  4.38%  68.4  197s
 221873 80643    1.75237   52   50    1.71432    1.78868  4.34%  68.5  200s
 226856 83295    1.72894   81   48    1.71432    1.78763  4.28%  68.9  205s
 231873 85896 infeasible   55         1.71432    1.78701  4.24%  69.1  210s
 237411 90601 infeasible   93         1.71432    1.78472  4.11%  69.4  217s
 240806 92253    1.78472   79   51    1.71432    1.78472  4.11%  69.2  220s
 249629 97456    1.75395   88   25    1.71432    1.78472  4.11%  69.4  226s
 254892 100155    1.75395   96   67    1.71432    1.78472  4.11%  69.6  230s
 259762 102915 infeasible   71         1.71432    1.78472  4.11%  69.6  238s
 263242 103854 infeasible   87         1.71432    1.78472  4.11%  69.6  240s
 270070 108202 infeasible   95         1.71432    1.78472  4.11%  69.7  246s
 275345 111005 infeasible   89         1.71432    1.78472  4.11%  70.0  251s
 280785 113853    1.78472   71   66    1.71432    1.78472  4.11%  70.3  256s
 285917 116404    1.72240   78   68    1.71432    1.78472  4.11%  70.7  260s
 290552 118889    1.72240   78   82    1.71432    1.78472  4.11%  71.0  265s
 296904 122165    1.75395   75   79    1.71432    1.78472  4.11%  71.6  271s
 302112 125220 infeasible   76         1.71432    1.78472  4.11%  71.8  278s
 304255 126617    1.78297   72   78    1.71432    1.78472  4.11%  71.9  280s
 309665 128845 infeasible   80         1.71432    1.78472  4.11%  72.1  285s
 314399 131721    1.75395   72   44    1.71432    1.78472  4.11%  72.2  290s
 319111 134271    1.75395   69   88    1.71432    1.78472  4.11%  72.7  295s
 325589 137379 infeasible   82         1.71432    1.78472  4.11%  73.1  301s
 330319 139993    1.75395   75   35    1.71432    1.78472  4.11%  73.5  306s
 332782 140638    1.75395   84   41    1.71432    1.78472  4.11%  73.6  312s
H333021 140638                       1.7143235    1.78472  4.11%  73.6  312s
 334629 142204    1.75395   74   95    1.71432    1.78472  4.11%  73.7  316s
 339228 144533    1.78471   65   82    1.71432    1.78472  4.11%  74.1  321s
 342793 146449    1.75395   76   73    1.71432    1.78472  4.11%  74.4  325s
 346935 147962    1.75395   85  103    1.71432    1.78472  4.11%  74.8  331s
 350150 150022 infeasible   72         1.71432    1.78472  4.11%  74.8  335s
 354880 151667    1.78472   64   73    1.71432    1.78472  4.11%  75.3  340s
 359540 153318    1.78472   71   81    1.71432    1.78472  4.11%  75.6  345s
 364435 154990 infeasible   67         1.71432    1.78472  4.11%  76.0  351s
 367821 155893 infeasible   77         1.71432    1.78472  4.11%  76.1  355s
 372115 157012    1.78472   72   83    1.71432    1.78472  4.11%  76.5  360s
 374673 157756    1.75881   81   60    1.71432    1.78472  4.11%  76.9  365s
 378916 158826    1.74870   86   79    1.71432    1.78472  4.11%  77.4  371s
 382830 159904    1.75881   84   70    1.71432    1.78472  4.11%  77.9  376s
 385764 160542    1.75881   84   69    1.71432    1.78472  4.11%  78.0  380s
 388570 161080 infeasible   92         1.71432    1.78472  4.11%  78.4  385s
 392172 161715    1.78472   74   84    1.71432    1.78472  4.11%  79.0  391s
 396227 162620 infeasible   81         1.71432    1.78472  4.11%  79.3  398s
 397198 162816    1.78472   78   44    1.71432    1.78472  4.11%  79.5  401s
 399446 163294    1.78472   68   94    1.71432    1.78472  4.11%  79.7  406s
 401911 163636    1.78472   82   33    1.71432    1.78472  4.11%  80.1  411s
 406352 164083 infeasible   71         1.71432    1.78472  4.11%  80.5  416s
 410330 164474 infeasible   73         1.71432    1.78472  4.11%  80.9  422s
 412790 164634 infeasible   76         1.71432    1.78472  4.11%  81.3  427s
 414111 164782 infeasible   86         1.71432    1.78472  4.11%  81.4  430s
 416637 165123    1.78472   71   72    1.71432    1.78472  4.11%  81.6  435s
 419791 165129 infeasible   74         1.71432    1.78472  4.11%  82.0  440s
 423602 165370    1.78472   71   59    1.71432    1.78472  4.11%  82.5  446s
 424442 165528    1.78472   83   53    1.71432    1.78472  4.11%  82.6  450s
H425490 159048                       1.7191852    1.78472  3.81%  82.6  450s
 428760 158908    1.78472   69   68    1.71919    1.78472  3.81%  82.9  460s
 431396 158998    1.78472   76   89    1.71919    1.78472  3.81%  83.2  465s
 435357 158962 infeasible   71         1.71919    1.78472  3.81%  83.8  473s
 437949 158795    1.78472   69  106    1.71919    1.78472  3.81%  84.0  477s
 440137 158739 infeasible   73         1.71919    1.78472  3.81%  84.2  482s
 442253 158909    1.78472   76   68    1.71919    1.78472  3.81%  84.8  487s
 444846 159075    1.78472   67   95    1.71919    1.78472  3.81%  85.0  490s
 448042 158889    1.78472   61  106    1.71919    1.78472  3.81%  85.2  496s
 450388 158647    1.78472   64   87    1.71919    1.78472  3.81%  85.4  500s
 452317 158739 infeasible   69         1.71919    1.78472  3.81%  86.0  506s
 454434 159581    1.78472   72   87    1.71919    1.78472  3.81%  86.3  510s
 459439 160840    1.75881   75   98    1.71919    1.78472  3.81%  86.8  516s
 461679 161678    1.78472   70  113    1.71919    1.78472  3.81%  87.2  520s
 465006 162873    1.75881   72   85    1.71919    1.78472  3.81%  87.7  525s
 467299 163629    1.78265   70  116    1.71919    1.78472  3.81%  88.0  531s
 470758 164510 infeasible   85         1.71919    1.78472  3.81%  88.6  536s
 473224 165693    1.75873   78  114    1.71919    1.78472  3.81%  88.8  541s
 477126 166471    1.73437   71  102    1.71919    1.78472  3.81%  88.7  545s
 480923 167770 infeasible   82         1.71919    1.78472  3.81%  89.2  551s
 483085 168591    1.73437   81   70    1.71919    1.78472  3.81%  89.4  556s
 485611 169264    1.75881   69  131    1.71919    1.78472  3.81%  89.8  560s
 488027 170061    1.75881   77   63    1.71919    1.78472  3.81%  90.1  565s
 490984 170481    1.78235   74  120    1.71919    1.78472  3.81%  90.3  571s
 493588 171114    1.78359   79   72    1.71919    1.78472  3.81%  90.5  575s
 496079 171836    1.75881   76   64    1.71919    1.78472  3.81%  90.8  582s
 497309 172134    1.78472   67   84    1.71919    1.78472  3.81%  90.9  585s
 499634 172658    1.75605   79  112    1.71919    1.78472  3.81%  91.3  591s
 501887 173418    1.78288   68  111    1.71919    1.78472  3.81%  91.5  598s
 503078 173811    1.78472   66   73    1.71919    1.78472  3.81%  91.6  600s
 505806 174755 infeasible   74         1.71919    1.78472  3.81%  91.9  605s
 510053 175766    1.73437   81   36    1.71919    1.78472  3.81%  92.2  612s
 511169 176040    1.73437   80   62    1.71919    1.78472  3.81%  92.4  615s
 513275 176721    1.74073   75   92    1.71919    1.78472  3.81%  92.7  622s
 514519 176983 infeasible   80         1.71919    1.78472  3.81%  92.8  625s
 517008 177567    1.75881   70  104    1.71919    1.78472  3.81%  93.2  631s
 519719 178053    1.75881   71  105    1.71919    1.78472  3.81%  93.4  638s
 522408 178140 infeasible   74         1.71919    1.78472  3.81%  93.4  640s
 527004 178341 infeasible   96         1.71919    1.78472  3.81%  93.4  646s
 530948 178867    1.78401   63   62    1.71919    1.78472  3.81%  93.5  652s
 532675 179088 infeasible   94         1.71919    1.78472  3.81%  93.7  656s
 535371 179522    1.78472   71   64    1.71919    1.78472  3.81%  93.9  662s
 536436 179801    1.78472   72  108    1.71919    1.78472  3.81%  94.2  665s
 538608 180243 infeasible   74         1.71919    1.78472  3.81%  94.4  672s
 539913 180496    1.78471   70  126    1.71919    1.78472  3.81%  94.5  676s
 544434 181191    1.78472   74   97    1.71919    1.78472  3.81%  94.6  683s
 548924 180968 infeasible   88         1.71919    1.78472  3.81%  94.4  686s
 552457 180981 infeasible  101         1.71919    1.78472  3.81%  94.3  690s
 555181 181668 infeasible   86         1.71919    1.78472  3.81%  94.4  696s
 560767 181166    1.78472   72   68    1.71919    1.78472  3.81%  94.6  701s
 564694 181507    1.78472   59   81    1.71919    1.78472  3.81%  95.1  706s
 567275 181879    1.75881   78  124    1.71919    1.78472  3.81%  95.4  712s
 568189 182124 infeasible   79         1.71919    1.78472  3.81%  95.6  715s
 570964 182662 infeasible   80         1.71919    1.78472  3.81%  95.8  722s
 572183 183035 infeasible   73         1.71919    1.78472  3.81%  96.0  725s
 575269 183591    1.78472   73   62    1.71919    1.78472  3.81%  96.2  732s
 577568 183813    1.75881   79   90    1.71919    1.78472  3.81%  96.5  735s
 579165 184325    1.75510   71  114    1.71919    1.78472  3.81%  96.6  741s
 580676 184535    1.75881   76   34    1.71919    1.78472  3.81%  96.6  745s
 583223 185025    1.75881   70   72    1.71919    1.78472  3.81%  97.0  751s
 584514 185397    1.75033   72   79    1.71919    1.78472  3.81%  97.1  755s
 587246 186122    1.78472   67   63    1.71919    1.78472  3.81%  97.3  762s
 588516 186385    1.75681   81  111    1.71919    1.78472  3.81%  97.5  766s
 590944 186789    1.78472   74  124    1.71919    1.78472  3.81%  97.7  772s
 592094 187031    1.75229   78  105    1.71919    1.78472  3.81%  97.9  776s
 593358 187283 infeasible   67         1.71919    1.78472  3.81%  98.0  780s
 596363 188149    1.78472   65   69    1.71919    1.78472  3.81%  98.2  787s
 598234 188789 infeasible   71         1.71919    1.78472  3.81%  98.3  791s
 600297 189386 infeasible   87         1.71919    1.78472  3.81%  98.3  795s
 604511 190295    1.75881   75   91    1.71919    1.78472  3.81%  98.4  801s
 607418 190724    1.73437   82  112    1.71919    1.78472  3.81%  98.7  806s
 608792 190930    1.78472   67   69    1.71919    1.78472  3.81%  98.8  810s
 611669 191277    1.78472   68  101    1.71919    1.78472  3.81%  98.9  816s
 612937 191362    1.78472   75   68    1.71919    1.78472  3.81%  99.2  821s
 614996 191814    1.75485   58   37    1.71919    1.78472  3.81%  99.3  826s
 617643 192023    1.78472   63   67    1.71919    1.78472  3.81%   100  830s
 620220 192371 infeasible   79         1.71919    1.78472  3.81%   100  836s
 623412 192595    1.75881   72   54    1.71919    1.78472  3.81%   100  841s
 626117 193085 infeasible   67         1.71919    1.78472  3.81%   100  848s
 627773 193334 infeasible   70         1.71919    1.78472  3.81%   100  851s
 630700 193800 infeasible   79         1.71919    1.78472  3.81%   100  858s
 632287 194115 infeasible   74         1.71919    1.78472  3.81%   101  862s
 634028 194286 infeasible   81         1.71919    1.78472  3.81%   101  865s
H634181 194286                       1.7191852    1.78472  3.81%   101  865s
 636931 194568 infeasible   81         1.71919    1.78472  3.81%   101  872s
 638430 194882    1.73437   85   81    1.71919    1.78472  3.81%   101  876s
 640010 195089 infeasible   83         1.71919    1.78472  3.81%   101  880s
 643723 196135 infeasible   74         1.71919    1.78472  3.81%   101  886s
 647196 196384 infeasible   75         1.71919    1.78472  3.81%   101  891s
 649960 196840    1.73437   78  102    1.71919    1.78472  3.81%   102  899s
H650728 196840                       1.7191852    1.78472  3.81%   102  899s
 651105 197226    1.75881   73   31    1.71919    1.78472  3.81%   102  902s
 652944 197434 infeasible   71         1.71919    1.78472  3.81%   102  905s
 656109 197780 infeasible   71         1.71919    1.78472  3.81%   102  910s
 659257 197922 infeasible   68         1.71919    1.78472  3.81%   102  918s
 659586 198052 infeasible   89         1.71919    1.78472  3.81%   102  921s
 661189 198211    1.75881   64   92    1.71919    1.78472  3.81%   102  925s
 664176 198614 infeasible   67         1.71919    1.78472  3.81%   102  932s
 665796 198715    1.78472   72  109    1.71919    1.78472  3.81%   103  936s
 667383 198863    1.75881   71  111    1.71919    1.78472  3.81%   103  940s
 671386 199111 infeasible   74         1.71919    1.78472  3.81%   103  947s
 674743 199489 infeasible   80         1.71919    1.78472  3.81%   103  952s
 678031 200022 infeasible   73         1.71919    1.78472  3.81%   103  958s
 679639 200211    1.78465   69  102    1.71919    1.78472  3.81%   103  962s
 681330 200302    1.78472   74   87    1.71919    1.78472  3.81%   103  966s
 684190 200754 infeasible   76         1.71919    1.78472  3.81%   104  971s
 687882 201974    1.75395   67   38    1.71919    1.78472  3.81%   104  978s
H688774 201974                       1.7191852    1.78472  3.81%   104  978s
H689306 201975                       1.7191852    1.78472  3.81%   104  978s
 689552 203228    1.75395   84   90    1.71919    1.78472  3.81%   104  981s
 692052 204619    1.75395   70   37    1.71919    1.78472  3.81%   104  985s
 697026 206772    1.75395   69   75    1.71919    1.78471  3.81%   104  991s
 701356 209193    1.75881   69   96    1.71919    1.78470  3.81%   104  997s
 703584 210055    1.75395   74   86    1.71919    1.78470  3.81%   104 1000s
 708017 211307 infeasible   75         1.71919    1.78469  3.81%   104 1006s
 712209 213992    1.78463   64   86    1.71919    1.78468  3.81%   104 1012s
 714815 215330    1.72240   83   31    1.71919    1.78468  3.81%   104 1015s
 719138 217839    1.75395   70   74    1.71919    1.78468  3.81%   104 1021s
 723473 219262 infeasible   69         1.71919    1.78468  3.81%   104 1028s
 725393 219847 infeasible   77         1.71919    1.78468  3.81%   104 1031s
 729075 220800 infeasible   80         1.71919    1.78468  3.81%   104 1038s
 731328 221072 infeasible   72         1.71919    1.78468  3.81%   104 1042s
 733223 221527    1.78129   69   78    1.71919    1.78468  3.81%   104 1046s
 735149 222079 infeasible   74         1.71919    1.78468  3.81%   104 1050s
 739211 223063 infeasible   68         1.71919    1.78468  3.81%   104 1056s
 741161 223482    1.78468   77   89    1.71919    1.78468  3.81%   104 1061s
H743336 223811                       1.7191852    1.78468  3.81%   104 1064s
 744427 224110    1.78468   73  109    1.71919    1.78468  3.81%   104 1068s
 745833 224483    1.75881   78   64    1.71919    1.78468  3.81%   104 1072s
 747652 224887    1.75881   73   68    1.71919    1.78468  3.81%   105 1076s
 751010 225883 infeasible   86         1.71919    1.78468  3.81%   105 1083s
 752944 226576 infeasible   69         1.71919    1.78468  3.81%   105 1086s
 755078 227058 infeasible   71         1.71919    1.78468  3.81%   105 1090s
 759192 227749    1.75881   79   39    1.71919    1.78468  3.81%   105 1102s
H759794 227749                       1.7191852    1.78468  3.81%   105 1102s
 759956 228405    1.75395   81  108    1.71919    1.78468  3.81%   105 1105s
 764089 230262    1.75395   80   61    1.71919    1.78465  3.81%   105 1111s
 768294 232336    1.75395   68   62    1.71919    1.78465  3.81%   105 1117s
 770322 233402    1.75395   67   80    1.71919    1.78465  3.81%   105 1120s
 772292 233723 infeasible   74         1.71919    1.78465  3.81%   105 1126s
H772796 233723                       1.7191852    1.78465  3.81%   105 1126s
 775107 235566 infeasible  107         1.71919    1.78464  3.81%   105 1132s
 777392 235984    1.75881   74   62    1.71919    1.78463  3.81%   105 1135s
 781152 236893    1.75881   83   32    1.71919    1.78460  3.81%   105 1141s
 782847 237278    1.74770   75  122    1.71919    1.78460  3.81%   105 1145s
 786627 237736    1.73437   86   82    1.71919    1.78456  3.80%   105 1152s
 788388 237737 infeasible   75         1.71919    1.78454  3.80%   105 1157s
 790094 237681    1.72240  100   45    1.71919    1.78452  3.80%   105 1163s
 793037 237396    1.75292   71  108    1.71919    1.78446  3.80%   106 1168s
 796266 236970 infeasible   70         1.71919    1.78434  3.79%   106 1172s
 798722 236379 infeasible   90         1.71919    1.78426  3.79%   106 1176s
 804231 237034    1.72074   72   64    1.71919    1.78389  3.76%   105 1181s
 809338 238336    1.72074   67   52    1.71919    1.78365  3.75%   105 1187s
 811058 239254 infeasible   76         1.71919    1.78350  3.74%   105 1190s
 815705 239831    1.73847   60   77    1.71919    1.78337  3.73%   105 1195s
 818972 240589    1.75676   80  104    1.71919    1.78295  3.71%   105 1200s
 821931 242428    1.78277   63  108    1.71919    1.78277  3.70%   105 1207s
 823764 243748    1.72408   89   40    1.71919    1.78277  3.70%   105 1212s
 826048 245393    1.75395   66   68    1.71919    1.78277  3.70%   105 1216s
 828816 247102    1.75395   96   57    1.71919    1.78277  3.70%   105 1221s
 832002 248254    1.75607   74   95    1.71919    1.78277  3.70%   105 1226s
 834594 249757 infeasible   63         1.71919    1.78277  3.70%   105 1230s
 837461 250961 infeasible   88         1.71919    1.78277  3.70%   105 1235s
 840219 252300    1.75122   84   93    1.71919    1.78277  3.70%   105 1240s
 845766 254721    1.75122   78   74    1.71919    1.78277  3.70%   105 1248s
 848244 255975    1.72804   84  100    1.71919    1.78277  3.70%   105 1253s
 850851 257334    1.75542   73   79    1.71919    1.78277  3.70%   105 1258s
 853552 257830    1.75122   78   52    1.71919    1.78277  3.70%   105 1264s
 854690 259174    1.76962   63   91    1.71919    1.78277  3.70%   105 1269s
 857431 260409    1.78277   62   71    1.71919    1.78277  3.70%   105 1273s
 860116 261142    1.78199   68  105    1.71919    1.78277  3.70%   105 1277s
 861980 261897    1.78277   57   84    1.71919    1.78277  3.70%   105 1281s
 864055 262765    1.77999   57   95    1.71919    1.78277  3.70%   105 1285s
 868602 264751    1.77818   65   98    1.71919    1.78277  3.70%   105 1294s
 870956 265608    1.72531   84   72    1.71919    1.78277  3.70%   105 1297s
 873017 266833    1.75122   77   42    1.71919    1.78277  3.70%   106 1302s
 875428 267793    1.75395   87   76    1.71919    1.78277  3.70%   106 1306s
 877519 269054    1.75122  109   56    1.71919    1.78277  3.70%   106 1310s
 881727 270136 infeasible   80         1.71919    1.78277  3.70%   106 1320s
 885110 272283    1.78165   63  127    1.71919    1.78277  3.70%   106 1328s
 887337 273404    1.78277   68  101    1.71919    1.78277  3.70%   106 1332s
 889572 274294    1.72531   85   66    1.71919    1.78277  3.70%   106 1336s
 891419 275276    1.75122   75   85    1.71919    1.78277  3.70%   106 1341s
 893503 276254    1.72531   96   57    1.71919    1.78277  3.70%   106 1345s
 897815 278340    1.72804   92   68    1.71919    1.78277  3.70%   106 1352s
 900048 279461 infeasible   86         1.71919    1.78277  3.70%   106 1357s
 902218 280446    1.72531   82   39    1.71919    1.78277  3.70%   106 1361s
 904008 281053    1.75122   97   22    1.71919    1.78277  3.70%   106 1365s
 907582 283070 infeasible   58         1.71919    1.78277  3.70%   107 1372s
 909811 284088    1.78277   63   51    1.71919    1.78277  3.70%   107 1376s
 911848 285093    1.72408   92   10    1.71919    1.78277  3.70%   107 1382s
 913854 285908    1.72408   97   59    1.71919    1.78277  3.70%   107 1385s
 917532 287623    1.78277   70   92    1.71919    1.78277  3.70%   107 1393s
 919621 288760 infeasible   65         1.71919    1.78277  3.70%   107 1397s
 921618 289609    1.72531   91   65    1.71919    1.78277  3.70%   107 1400s
 925332 291687 infeasible   86         1.71919    1.78277  3.70%   107 1409s
 927671 292669    1.78277   64   88    1.71919    1.78277  3.70%   107 1414s
 929736 293525    1.72408   74   73    1.71919    1.78277  3.70%   107 1418s
 931532 294612    1.75395   67   52    1.71919    1.78277  3.70%   107 1422s
 933748 295973    1.72408   76   28    1.71919    1.78277  3.70%   107 1427s
 936344 296675 infeasible   72         1.71919    1.78276  3.70%   107 1431s
 938318 297190 infeasible   70         1.71919    1.78275  3.70%   107 1435s
 942037 299298    1.75686   78  107    1.71919    1.78275  3.70%   108 1444s
 944260 300620    1.72531   85   83    1.71919    1.78274  3.70%   108 1448s
 946686 301855    1.77588   69   98    1.71919    1.78274  3.70%   108 1454s
 948847 303102    1.75395   89   76    1.71919    1.78273  3.70%   108 1458s
 951240 304645    1.75679   71   77    1.71919    1.78273  3.70%   108 1462s
 953865 305821    1.75395   71   73    1.71919    1.78272  3.70%   108 1467s
 956085 307483    1.75395   81   45    1.71919    1.78272  3.70%   108 1472s
 959010 308849    1.75678   71  100    1.71919    1.78271  3.70%   108 1477s
 961544 309974 infeasible   96         1.71919    1.78271  3.69%   108 1481s
 963995 311241    1.75395   78   94    1.71919    1.78271  3.69%   108 1488s
 966321 312763    1.75615   79  100    1.71919    1.78270  3.69%   108 1492s
 968873 314142    1.72531   77   69    1.71919    1.78270  3.69%   108 1497s
 971345 315688    1.72531   78   45    1.71919    1.78270  3.69%   108 1501s
 973932 316618 infeasible   79         1.71919    1.78270  3.69%   108 1506s
 975728 318103    1.75122   79   67    1.71919    1.78269  3.69%   108 1510s
 978460 319507    1.75395   65   37    1.71919    1.78269  3.69%   108 1515s
 983437 322167    1.72531   94   81    1.71919    1.78269  3.69%   108 1523s
 985922 323157    1.78225   70  117    1.71919    1.78269  3.69%   108 1532s
 987707 324424    1.75122   70   73    1.71919    1.78269  3.69%   108 1536s
 990172 325925 infeasible   78         1.71919    1.78269  3.69%   108 1540s
 995133 328478    1.72408   86   38    1.71919    1.78268  3.69%   108 1552s
 997691 329892    1.72531   82   42    1.71919    1.78268  3.69%   108 1556s
 1000241 331288    1.75122   86   69    1.71919    1.78268  3.69%   108 1560s
 1002784 332752    1.75395   66   46    1.71919    1.78268  3.69%   108 1565s
 1008060 335892    1.75395   82   66    1.71919    1.78268  3.69%   108 1574s
 1010871 337362    1.75395   85   73    1.71919    1.78268  3.69%   108 1579s
 1013479 338499    1.72408   85   32    1.71919    1.78268  3.69%   108 1583s
 1015535 339706    1.75122   62   76    1.71919    1.78268  3.69%   108 1587s
 1017965 340586    1.72408   95    8    1.71919    1.78268  3.69%   108 1592s
 1020162 341621 infeasible  116         1.71919    1.78267  3.69%   108 1599s
 1022179 342964 infeasible   88         1.71919    1.78267  3.69%   108 1603s
 1024659 344252 infeasible   72         1.71919    1.78267  3.69%   108 1608s
 1026992 344996 infeasible   78         1.71919    1.78267  3.69%   108 1616s
 1028335 346162 infeasible   87         1.71919    1.78267  3.69%   108 1621s
 1030753 347498    1.75122   75   58    1.71919    1.78267  3.69%   108 1625s
 1033304 348730 infeasible   81         1.71919    1.78267  3.69%   108 1630s
 1035699 350268    1.72408   90   99    1.71919    1.78267  3.69%   108 1635s
 1040814 353199    1.75395   99   40    1.71919    1.78267  3.69%   108 1646s
 1043516 354339    1.75395  102   28    1.71919    1.78267  3.69%   108 1650s
 1045882 355212 infeasible  105         1.71919    1.78267  3.69%   108 1656s
 1047871 356473 infeasible   77         1.71919    1.78267  3.69%   108 1661s
 1050265 357542     cutoff   80         1.71919    1.78266  3.69%   108 1666s
 1052652 358768    1.73242   75  105    1.71919    1.78266  3.69%   108 1670s
 1055031 360206    1.72408   79   40    1.71919    1.78266  3.69%   108 1675s
 1057624 360992    1.75395   73   75    1.71919    1.78266  3.69%   108 1680s
 1059500 362294    1.72531   71   81    1.71919    1.78266  3.69%   108 1685s
 1064097 364421    1.75395   64   86    1.71919    1.78266  3.69%   108 1693s
 1066383 365636    1.75122   84   67    1.71919    1.78266  3.69%   108 1698s
 1068759 367120 infeasible   76         1.71919    1.78266  3.69%   108 1703s
 1071375 368128    1.75395   72   44    1.71919    1.78265  3.69%   108 1708s
 1073433 368808 infeasible   83         1.71919    1.78265  3.69%   109 1712s
 1075521 369887    1.73242   77  112    1.71919    1.78265  3.69%   109 1718s
 1077706 370936    1.75122   79   68    1.71919    1.78264  3.69%   109 1723s
 1079852 372128    1.75122   75   91    1.71919    1.78264  3.69%   109 1728s
 1082069 373529    1.75395   62   30    1.71919    1.78263  3.69%   109 1733s
 1084626 374829    1.75395   75  104    1.71919    1.78262  3.69%   109 1738s
 1087121 376106    1.75122   67   66    1.71919    1.78262  3.69%   109 1743s
 1089641 377211    1.75395   83   67    1.71919    1.78261  3.69%   109 1754s
 1091827 378203    1.75122   65   46    1.71919    1.78260  3.69%   109 1758s
 1094071 379122 infeasible   71         1.71919    1.78260  3.69%   109 1763s
 1096133 380134 infeasible   87         1.71919    1.78259  3.69%   109 1767s
 1098461 381271 infeasible   93         1.71919    1.78258  3.69%   109 1770s
 1100560 382204 infeasible   93         1.71919    1.78258  3.69%   109 1775s
 1104323 383954    1.72531   83   50    1.71919    1.78255  3.69%   109 1783s
 1105930 385236    1.72531   77   56    1.71919    1.78255  3.69%   109 1787s
 1108177 385952    1.75675   73  107    1.71919    1.78253  3.68%   109 1794s
 1109799 387044    1.75122   75   80    1.71919    1.78251  3.68%   109 1798s
 1111785 387923    1.75395   73   43    1.71919    1.78249  3.68%   109 1802s
 1113630 388691    1.75566   57  102    1.71919    1.78248  3.68%   109 1807s
 1115241 389557    1.75122   70   86    1.71919    1.78247  3.68%   109 1811s
 1117074 390418    1.75122   72   96    1.71919    1.78245  3.68%   109 1815s
 1120600 391823    1.75686   75   60    1.71919    1.78242  3.68%   109 1824s
 1122075 392513 infeasible   89         1.71919    1.78240  3.68%   109 1829s
 1123775 393287    1.75122   89   98    1.71919    1.78237  3.68%   109 1833s
 1125566 393925    1.75122   84   95    1.71919    1.78236  3.67%   109 1838s
 1127237 394387    1.75686   68   61    1.71919    1.78233  3.67%   109 1845s
H1127335 394387                       1.7191852    1.78233  3.67%   109 1845s
 1129869 395535    1.72531   81   28    1.71919    1.78229  3.67%   109 1852s
 1131484 396013 infeasible   82         1.71919    1.78226  3.67%   109 1855s
 1134144 396893 infeasible   72         1.71919    1.78222  3.67%   110 1862s
 1135690 397390    1.75122   76   94    1.71919    1.78221  3.67%   110 1865s
 1137302 398045    1.75122   70   82    1.71919    1.78215  3.66%   110 1870s
 1139007 398261 infeasible   61         1.71919    1.78211  3.66%   110 1880s
 1141134 398916    1.78209   79   81    1.71919    1.78209  3.66%   110 1887s
 1143067 399137 infeasible   70         1.71919    1.78209  3.66%   110 1925s
H1143802 399137                       1.7191852    1.78209  3.66%   110 1925s
 1143912 399451    1.78209   89   31    1.71919    1.78209  3.66%   110 1930s
 1145733 399472 infeasible   99         1.71919    1.78209  3.66%   110 1935s
 1148251 399258 infeasible   78         1.71919    1.78209  3.66%   110 1940s
 1153096 399248    1.78209   74   69    1.71919    1.78209  3.66%   110 1949s
 1155797 399370 infeasible   80         1.71919    1.78209  3.66%   110 1953s
 1157776 399388    1.78209   54   76    1.71919    1.78209  3.66%   110 1957s
 1159793 399303    1.78209   80   57    1.71919    1.78209  3.66%   110 1962s
 1162672 399297    1.78209   85   40    1.71919    1.78209  3.66%   110 1972s
 1164392 399249 infeasible   77         1.71919    1.78209  3.66%   110 1976s
 1165797 399262 infeasible   73         1.71919    1.78209  3.66%   110 1983s
 1169620 399364    1.78209   55   63    1.71919    1.78209  3.66%   111 1989s
 1172344 399322 infeasible   75         1.71919    1.78209  3.66%   111 1993s
 1174371 399378 infeasible   83         1.71919    1.78209  3.66%   111 1999s
 1177166 399526    1.78209   88   51    1.71919    1.78209  3.66%   111 2003s
 1179232 399440    1.78209   84   71    1.71919    1.78209  3.66%   111 2007s
 1181286 399249 infeasible   74         1.71919    1.78209  3.66%   111 2012s
 1183863 399244 infeasible   74         1.71919    1.78209  3.66%   111 2017s
 1186128 399180 infeasible   76         1.71919    1.78209  3.66%   111 2022s
 1187767 399144    1.78209   77   86    1.71919    1.78209  3.66%   111 2028s
 1190664 398977    1.78209   77   80    1.71919    1.78209  3.66%   111 2035s
 1193579 398889    1.78209   83   83    1.71919    1.78209  3.66%   112 2040s
 1195853 398826 infeasible   77         1.71919    1.78209  3.66%   112 2050s
 1198762 399403 infeasible   68         1.71919    1.78209  3.66%   112 2060s
 1201719 399634 infeasible   80         1.71919    1.78209  3.66%   112 2065s
 1203295 399811    1.78209   75   90    1.71919    1.78209  3.66%   112 2070s
 1206697 399853 infeasible   79         1.71919    1.78209  3.66%   112 2078s
 1208441 399854    1.78209   76   86    1.71919    1.78209  3.66%   112 2082s
 1210192 399909 infeasible   75         1.71919    1.78209  3.66%   112 2087s
 1211572 400046 infeasible   77         1.71919    1.78209  3.66%   112 2091s
 1214734 399922    1.78209   75   78    1.71919    1.78209  3.66%   113 2101s
 1218093 399819    1.78209   79  102    1.71919    1.78209  3.66%   113 2106s
 1219644 399671    1.78209   80   93    1.71919    1.78209  3.66%   113 2111s
 1221873 399567    1.78209   77   92    1.71919    1.78209  3.66%   113 2119s
 1225182 399403 infeasible   80         1.71919    1.78209  3.66%   113 2131s
 1227133 399192 infeasible   69         1.71919    1.78209  3.66%   113 2139s
 1228591 399192    1.78209   80   41    1.71919    1.78209  3.66%   113 2140s
 1230447 398925 infeasible   70         1.71919    1.78209  3.66%   113 2147s
 1233340 398906 infeasible   74         1.71919    1.78209  3.66%   114 2154s
 1235939 399252    1.78209   82   70    1.71919    1.78209  3.66%   114 2162s
 1239930 399414    1.78209   89   71    1.71919    1.78209  3.66%   114 2167s
 1241764 399525     cutoff   45         1.71919    1.78209  3.66%   114 2173s
 1243635 399808    1.78209   73  108    1.71919    1.78209  3.66%   114 2177s
 1245690 400306 infeasible   79         1.71919    1.78209  3.66%   114 2182s
 1248599 400294 infeasible  115         1.71919    1.78209  3.66%   114 2187s
 1251143 400444    1.75132   53   62    1.71919    1.78209  3.66%   114 2192s
 1253930 400653    1.78209   93   64    1.71919    1.78209  3.66%   114 2197s
 1256397 400931 infeasible   82         1.71919    1.78209  3.66%   114 2210s
 1257349 401653    1.75159   73  113    1.71919    1.78209  3.66%   114 2216s
 1259888 401693    1.78209   74   70    1.71919    1.78209  3.66%   114 2221s
 1262208 401854 infeasible   85         1.71919    1.78209  3.66%   114 2226s
 1264404 402022 infeasible   93         1.71919    1.78209  3.66%   114 2231s
 1266904 402209    1.78209   79   56    1.71919    1.78209  3.66%   114 2235s
 1271406 402191    1.78209   90   57    1.71919    1.78209  3.66%   114 2244s
 1273820 402217    1.78209   82   71    1.71919    1.78209  3.66%   114 2249s
 1276615 402384    1.78209   94   62    1.71919    1.78209  3.66%   114 2254s
 1278889 402356    1.78209   84   58    1.71919    1.78209  3.66%   114 2258s
 1281155 402289    1.78209   81   83    1.71919    1.78209  3.66%   114 2263s
 1284022 402349 infeasible   88         1.71919    1.78209  3.66%   114 2267s
 1286178 402762 infeasible   80         1.71919    1.78209  3.66%   114 2273s
 1289219 403048 infeasible   98         1.71919    1.78209  3.66%   114 2278s
 1291941 403357    1.78209   68   72    1.71919    1.78209  3.66%   114 2282s
 1295037 403421    1.78209   89   59    1.71919    1.78209  3.66%   114 2297s
 1295823 403398    1.78209   90   83    1.71919    1.78209  3.66%   114 2301s
 1298533 403600 infeasible   99         1.71919    1.78209  3.66%   114 2306s
 1301612 403845    1.78209   88   51    1.71919    1.78209  3.66%   114 2311s
 1304672 404251 infeasible   79         1.71919    1.78209  3.66%   114 2316s
 1307536 404540 infeasible   90         1.71919    1.78209  3.66%   114 2321s
 1310550 404515    1.78209   90   30    1.71919    1.78209  3.66%   114 2326s
 1313191 404535 infeasible   98         1.71919    1.78209  3.66%   114 2330s
 1315820 404506 infeasible   95         1.71919    1.78209  3.66%   114 2335s
 1318377 404469    1.78209   80   49    1.71919    1.78209  3.66%   114 2342s
 1320927 404407 infeasible   88         1.71919    1.78209  3.66%   114 2347s
 1323685 404282 infeasible   70         1.71919    1.78209  3.66%   114 2351s
 1326367 404238    1.78209   90   52    1.71919    1.78209  3.66%   114 2356s
 1328524 404344 infeasible   88         1.71919    1.78209  3.66%   114 2360s
 1333545 404246 infeasible   89         1.71919    1.78209  3.66%   114 2370s
 1338771 404474    1.78209   89   41    1.71919    1.78209  3.66%   114 2380s
 1341865 404700 infeasible   69         1.71919    1.78209  3.66%   114 2385s
 1344560 404500 infeasible   78         1.71919    1.78209  3.66%   114 2390s
 1347019 404395 infeasible   79         1.71919    1.78209  3.66%   114 2395s
 1351400 404104    1.78209   77   72    1.71919    1.78209  3.66%   114 2405s
 1353765 404092    1.78209   81   78    1.71919    1.78209  3.66%   114 2411s
 1356131 404027    1.78209   86   84    1.71919    1.78209  3.66%   114 2416s
 1358735 404147    1.78209   69   83    1.71919    1.78209  3.66%   114 2422s
 1361224 404139    1.78209   80  103    1.71919    1.78209  3.66%   115 2427s
 1362662 404299 infeasible   84         1.71919    1.78209  3.66%   115 2436s
 1365965 404609    1.78209   74   78    1.71919    1.78209  3.66%   115 2440s
 1370989 405363 infeasible   86         1.71919    1.78209  3.66%   115 2449s
 1373932 405477    1.78209   74   59    1.71919    1.78209  3.66%   115 2454s
 1377000 405426 infeasible   98         1.71919    1.78209  3.66%   115 2459s
 1379510 405469 infeasible  103         1.71919    1.78209  3.66%   115 2467s
 1382196 405412    1.78209   83   84    1.71919    1.78209  3.66%   115 2472s
 1384755 405383 infeasible   85         1.71919    1.78209  3.66%   115 2477s
 1387620 405331    1.78209   71   55    1.71919    1.78209  3.66%   115 2482s
 1389767 405260 infeasible   86         1.71919    1.78209  3.66%   115 2486s
 1391602 405047 infeasible   84         1.71919    1.78209  3.66%   115 2492s
 1394767 405032 infeasible   88         1.71919    1.78209  3.66%   115 2508s
 1396249 404802 infeasible   89         1.71919    1.78209  3.66%   115 2512s
 1398154 404786    1.78209   73   64    1.71919    1.78209  3.66%   115 2518s
 1401046 404458 infeasible   84         1.71919    1.78209  3.66%   115 2523s
 1403309 404210 infeasible   73         1.71919    1.78209  3.66%   115 2529s
 1406012 403967    1.78209   78   66    1.71919    1.78209  3.66%   115 2537s
 1408621 403914 infeasible   63         1.71919    1.78209  3.66%   115 2544s
 1411356 403990    1.78209   68   66    1.71919    1.78209  3.66%   115 2549s
 1412925 403990    1.78209   70   89    1.71919    1.78209  3.66%   115 2550s
 1415844 404090    1.78209   70   79    1.71919    1.78209  3.66%   115 2558s
 1417681 404049 infeasible   73         1.71919    1.78209  3.66%   115 2562s
 1419436 403953    1.78209   72   56    1.71919    1.78209  3.66%   115 2568s
 1422153 403645 infeasible   71         1.71919    1.78209  3.66%   115 2577s
 1424924 403758    1.78209   68   73    1.71919    1.78209  3.66%   115 2582s
 1427070 403976 infeasible   71         1.71919    1.78209  3.66%   116 2588s
 1429381 404125    1.78209   73   86    1.71919    1.78209  3.66%   116 2593s
 1431806 404204 infeasible   87         1.71919    1.78209  3.66%   116 2598s
 1433623 404455    1.78209   85   46    1.71919    1.78209  3.66%   116 2603s
 1435870 404421 infeasible   93         1.71919    1.78209  3.66%   116 2608s
 1438545 404317 infeasible   87         1.71919    1.78209  3.66%   116 2613s
 1440767 404490    1.78209   81   78    1.71919    1.78209  3.66%   116 2618s
 1442642 404691    1.78209   86   27    1.71919    1.78209  3.66%   116 2623s
 1444875 404682    1.78209   84   77    1.71919    1.78209  3.66%   116 2628s
 1447149 404649    1.78209   86   39    1.71919    1.78209  3.66%   116 2632s
 1449847 404753 infeasible   81         1.71919    1.78209  3.66%   116 2637s
 1452175 404751 infeasible   80         1.71919    1.78209  3.66%   116 2643s
 1453678 404694 infeasible   71         1.71919    1.78209  3.66%   116 2650s
 1457031 404670 infeasible   79         1.71919    1.78209  3.66%   116 2656s
 1459859 404591 infeasible   89         1.71919    1.78209  3.66%   116 2662s
 1462075 404518 infeasible   71         1.71919    1.78209  3.66%   116 2674s
 1464833 404498 infeasible   88         1.71919    1.78209  3.66%   116 2681s
 1467823 404546    1.78209   67   88    1.71919    1.78209  3.66%   116 2687s
 1470146 404605    1.78209   73   71    1.71919    1.78209  3.66%   116 2691s
 1471956 404844    1.78209   76   62    1.71919    1.78209  3.66%   116 2695s
 1474092 404847 infeasible   91         1.71919    1.78209  3.66%   116 2711s
 1474815 404814    1.78209   83   52    1.71919    1.78209  3.66%   116 2715s
 1477002 404776 infeasible   64         1.71919    1.78209  3.66%   116 2720s
 1479441 404677 infeasible   76         1.71919    1.78209  3.66%   116 2725s
 1481808 404731 infeasible   84         1.71919    1.78209  3.66%   116 2730s
 1483842 404667    1.78209   73   85    1.71919    1.78209  3.66%   116 2735s
 1487842 404578    1.78209   73   79    1.71919    1.78209  3.66%   117 2747s
 1490624 404617 infeasible   86         1.71919    1.78209  3.66%   117 2753s
 1493703 404462    1.78209   75   88    1.71919    1.78209  3.66%   117 2759s
 1496448 404434 infeasible   78         1.71919    1.78209  3.66%   117 2765s
 1500579 404643 infeasible   74         1.71919    1.78209  3.66%   117 2773s
 1502319 404749 infeasible   81         1.71919    1.78209  3.66%   117 2777s
 1504182 404660    1.78209   71   67    1.71919    1.78209  3.66%   117 2781s
 1505889 404639 infeasible   72         1.71919    1.78209  3.66%   117 2789s
 1506624 404639    1.78209   71   77    1.71919    1.78209  3.66%   117 2790s
 1508362 404656 infeasible   87         1.71919    1.78209  3.66%   117 2796s
 1510128 404602    1.78209   81   96    1.71919    1.78209  3.66%   117 2800s
 1511791 404401    1.78209   65   89    1.71919    1.78209  3.66%   117 2806s
 1514408 404311    1.78209   75   93    1.71919    1.78209  3.66%   117 2812s
 1517225 404482    1.78209   70   89    1.71919    1.78209  3.66%   117 2819s
 1520276 404596    1.78209   74   64    1.71919    1.78209  3.66%   117 2830s
 1524718 404462 infeasible   84         1.71919    1.78209  3.66%   117 2840s
 1529129 404117 infeasible   92         1.71919    1.78209  3.66%   118 2850s
 1531584 404307 infeasible   82         1.71919    1.78209  3.66%   118 2856s
 1534229 404491 infeasible   66         1.71919    1.78209  3.66%   118 2862s
 1536097 404496 infeasible   76         1.71919    1.78209  3.66%   118 2865s
 1539310 404368    1.78209   72   86    1.71919    1.78209  3.66%   118 2875s
 1541879 404352    1.78209   81   85    1.71919    1.78209  3.66%   118 2882s
 1544631 404245 infeasible   74         1.71919    1.78209  3.66%   118 2887s
 1546680 404199    1.78209   71   86    1.71919    1.78209  3.66%   118 2894s
 1549700 404285    1.78209   74   69    1.71919    1.78209  3.66%   118 2901s
 1552833 404282 infeasible   76         1.71919    1.78209  3.66%   118 2905s
 1554956 404297 infeasible   76         1.71919    1.78209  3.66%   118 2913s
 1557303 404319    1.78209   76  100    1.71919    1.78209  3.66%   118 2918s
 1559115 404325    1.78209   72   60    1.71919    1.78209  3.66%   118 2924s
 1561545 404241 infeasible   82         1.71919    1.78209  3.66%   118 2928s
 1563366 404012 infeasible   79         1.71919    1.78209  3.66%   118 2934s
 1565896 403888    1.78209   84   84    1.71919    1.78209  3.66%   118 2939s
 1567947 403840    1.78209   69   81    1.71919    1.78209  3.66%   119 2961s
 1569020 403755 infeasible   78         1.71919    1.78209  3.66%   119 2968s
 1572300 403694 infeasible   75         1.71919    1.78209  3.66%   119 2972s
 1573613 403424    1.78209   74   86    1.71919    1.78209  3.66%   119 2980s
 1576946 403399    1.78209   80  101    1.71919    1.78209  3.66%   119 2987s
 1579646 403226 infeasible   79         1.71919    1.78209  3.66%   119 2994s
 1582455 403149    1.78209   83   63    1.71919    1.78209  3.66%   119 2999s
 1584817 403095 infeasible   72         1.71919    1.78209  3.66%   119 3006s
 1587818 403254    1.78209   68   76    1.71919    1.78209  3.66%   119 3013s
 1591129 403237 infeasible   78         1.71919    1.78209  3.66%   119 3018s
 1592914 403141 infeasible   69         1.71919    1.78209  3.66%   119 3023s
 1594640 402878    1.78209   77   83    1.71919    1.78209  3.66%   119 3029s
 1597257 402733    1.78209   76   63    1.71919    1.78209  3.66%   119 3035s
H1597443 402733                       1.7191852    1.78209  3.66%   119 3035s
H1598203 402733                       1.7191852    1.78209  3.66%   119 3035s
 1599125 402538    1.78209   73   92    1.71919    1.78209  3.66%   120 3043s
 1602062 402278    1.78209   83   95    1.71919    1.78209  3.66%   120 3050s
 1604672 402131    1.78209   75   88    1.71919    1.78209  3.66%   120 3056s
 1606928 401892    1.76303   82   97    1.71919    1.78209  3.66%   120 3064s
 1609544 401704    1.78209   72   88    1.71919    1.78209  3.66%   120 3070s
 1611612 401653 infeasible   76         1.71919    1.78209  3.66%   120 3078s
 1614585 401674    1.78209   75   58    1.71919    1.78209  3.66%   120 3086s
 1617372 401465 infeasible   70         1.71919    1.78209  3.66%   120 3094s
 1620114 401388 infeasible   71         1.71919    1.78209  3.66%   120 3101s
 1622892 401484    1.78196   76  106    1.71919    1.78209  3.66%   120 3114s
 1624233 401709    1.78209   64  106    1.71919    1.78209  3.66%   120 3118s
 1626061 401911 infeasible   74         1.71919    1.78209  3.66%   120 3123s
 1627712 402276    1.78209   61  106    1.71919    1.78209  3.66%   120 3127s
 1629630 402623    1.78209   68  105    1.71919    1.78209  3.66%   120 3132s
 1631577 403015    1.78193   70  102    1.71919    1.78209  3.66%   120 3137s
 1633618 403343    1.76303   75   85    1.71919    1.78209  3.66%   120 3141s
 1635649 403786 infeasible   85         1.71919    1.78206  3.66%   120 3146s
 1637682 404240    1.77884   78  112    1.71919    1.78202  3.66%   120 3150s
 1639856 404930 infeasible   69         1.71919    1.78201  3.65%   120 3159s
 1642102 405712    1.75122   77  100    1.71919    1.78201  3.65%   120 3165s
 1644601 406665 infeasible   73         1.71919    1.78200  3.65%   120 3171s
 1646944 407575    1.75132   78   92    1.71919    1.78199  3.65%   120 3177s
 1649085 408263    1.75485   83   74    1.71919    1.78199  3.65%   120 3183s
 1651138 408848    1.77965   75  102    1.71919    1.78199  3.65%   120 3187s
 1652985 409837    1.75132   76   57    1.71919    1.78198  3.65%   120 3194s
 1655552 411018    1.75111   97   70    1.71919    1.78197  3.65%   120 3200s
 1658334 412130    1.75132  126   10    1.71919    1.78197  3.65%   120 3207s
 1660949 412752 infeasible   99         1.71919    1.78197  3.65%   120 3212s
 1663238 413305 infeasible   83         1.71919    1.78197  3.65%   120 3223s
H1664621 413305                       1.7191852    1.78196  3.65%   120 3223s
 1665306 413871    1.76303   79   81    1.71919    1.78196  3.65%   120 3229s
 1667593 414450    1.78182   74   87    1.71919    1.78196  3.65%   120 3236s
 1669825 414863 infeasible   74         1.71919    1.78195  3.65%   120 3241s
 1671858 415195    1.75122   73  103    1.71919    1.78195  3.65%   120 3246s
 1673642 415567    1.75482   72  120    1.71919    1.78195  3.65%   120 3252s
 1675722 415896 infeasible   77         1.71919    1.78194  3.65%   120 3263s
H1675804 415896                       1.7191852    1.78194  3.65%   120 3263s
 1676876 416439 infeasible   91         1.71919    1.78194  3.65%   120 3269s
 1678204 416439    1.75485   77  104    1.71919    1.78194  3.65%   120 3270s
 1681151 418271    1.75485   83   83    1.71919    1.78194  3.65%   120 3279s
 1683256 418975 infeasible   86         1.71919    1.78193  3.65%   120 3285s
 1685315 419664 infeasible   71         1.71919    1.78193  3.65%   120 3291s
 1687305 420332 infeasible   76         1.71919    1.78193  3.65%   120 3297s
 1689340 420988 infeasible   85         1.71919    1.78193  3.65%   120 3303s
 1691371 421431    1.75485   79   72    1.71919    1.78193  3.65%   120 3332s
 1692720 421824    1.75485   81   88    1.71919    1.78193  3.65%   120 3338s
 1694596 422328    1.78179   69   79    1.71919    1.78193  3.65%   121 3344s
 1696692 423055    1.78180   68  104    1.71919    1.78193  3.65%   121 3350s
 1698909 423742    1.78135   82   90    1.71919    1.78193  3.65%   121 3356s
 1701221 424559    1.77828   82   84    1.71919    1.78193  3.65%   121 3362s
 1703763 425431    1.75485   80   63    1.71919    1.78193  3.65%   121 3370s
 1706552 425576 infeasible   66         1.71919    1.78193  3.65%   120 3389s
H1706553 425576                       1.7191852    1.78193  3.65%   120 3389s
 1707194 426019    1.72408   81   86    1.71919    1.78192  3.65%   120 3396s
 1709345 426512    1.76303   73   66    1.71919    1.78192  3.65%   120 3401s
 1711298 427126 infeasible   82         1.71919    1.78192  3.65%   121 3406s
 1713301 427716    1.75485   77   90    1.71919    1.78192  3.65%   121 3411s
 1715471 428206 infeasible   85         1.71919    1.78192  3.65%   121 3417s
 1717491 428599    1.75485   68   46    1.71919    1.78192  3.65%   121 3422s
 1719676 428982 infeasible   87         1.71919    1.78192  3.65%   120 3428s
 1721754 429470    1.75122   70  131    1.71919    1.78192  3.65%   120 3434s
 1723572 430036    1.75485   71  123    1.71919    1.78192  3.65%   121 3440s
 1725561 430633    1.75485   79   73    1.71919    1.78192  3.65%   121 3446s
 1727821 431163    1.75485   78   93    1.71919    1.78192  3.65%   121 3452s
 1729913 431817    1.78090   72  104    1.71919    1.78191  3.65%   121 3457s
 1732212 432349 infeasible   79         1.71919    1.78191  3.65%   121 3462s
 1734269 432947    1.75485   84   80    1.71919    1.78191  3.65%   121 3468s
 1736528 433398    1.75485   84   46    1.71919    1.78191  3.65%   121 3472s
 1738530 433921    1.78190   75   88    1.71919    1.78190  3.65%   121 3478s
 1740725 434487 infeasible   72         1.71919    1.78190  3.65%   121 3484s
H1742842 434906                       1.7191852    1.78190  3.65%   121 3492s
 1744687 435416    1.75485   87   91    1.71919    1.78190  3.65%   121 3498s
 1746915 435978 infeasible   77         1.71919    1.78190  3.65%   121 3503s
 1749052 436611    1.75485   81  111    1.71919    1.78189  3.65%   121 3509s
 1751286 437204 infeasible   84         1.71919    1.78189  3.65%   121 3514s
 1753510 437968 infeasible   76         1.71919    1.78189  3.65%   121 3521s
 1755942 438976    1.75485   76   98    1.71919    1.78189  3.65%   121 3527s
 1758653 439744 infeasible   85         1.71919    1.78189  3.65%   121 3535s
 1761384 440485    1.78163   71  100    1.71919    1.78189  3.65%   120 3542s
 1763960 440881    1.75485   79   43    1.71919    1.78189  3.65%   120 3547s
 1766182 441270 infeasible   63         1.71919    1.78189  3.65%   120 3552s
 1768312 441718 infeasible   89         1.71919    1.78189  3.65%   121 3557s
 1770551 442281 infeasible   87         1.71919    1.78189  3.65%   120 3563s
 1772791 442722    1.77664   74  108    1.71919    1.78189  3.65%   120 3568s
 1774964 443136    1.78181   75  104    1.71919    1.78188  3.65%   120 3575s
 1776747 443525    1.75485   81   54    1.71919    1.78188  3.65%   120 3581s
 1778843 444056    1.75485   75   89    1.71919    1.78188  3.65%   120 3585s
 1780911 444616    1.75485   75   98    1.71919    1.78188  3.65%   121 3591s
 1782845 445142    1.75485   87   86    1.71919    1.78187  3.65%   121 3596s
 1784663 445721    1.75485   88   66    1.71919    1.78187  3.65%   121 3601s
 1786619 446186    1.75485   83  104    1.71919    1.78187  3.65%   121 3606s
 1788520 446767    1.77789   75  103    1.71919    1.78187  3.65%   121 3612s
 1790536 447280 infeasible   88         1.71919    1.78187  3.65%   121 3620s
 1792789 447848    1.75485   81   44    1.71919    1.78187  3.65%   121 3626s
 1794974 448418    1.75485   93   30    1.71919    1.78187  3.65%   121 3632s
 1797184 448965    1.75485   84   74    1.71919    1.78186  3.65%   121 3642s
 1799413 449546    1.78140   84   78    1.71919    1.78186  3.65%   121 3648s
H1800306 449546                       1.7191852    1.78186  3.65%   121 3648s
 1801412 449866 infeasible   82         1.71919    1.78186  3.65%   121 3655s
 1802697 450417    1.75485   84   87    1.71919    1.78186  3.65%   121 3661s
 1804843 451042 infeasible   89         1.71919    1.78186  3.65%   121 3666s
 1807089 451488 infeasible   82         1.71919    1.78185  3.65%   121 3672s
 1809144 452039    1.74951   89   91    1.71919    1.78185  3.65%   121 3678s
 1811366 452649 infeasible   91         1.71919    1.78185  3.65%   121 3684s
 1813513 453143 infeasible   80         1.71919    1.78185  3.64%   121 3690s
 1815570 453760    1.75485   89   80    1.71919    1.78185  3.64%   121 3712s
 1817457 454392    1.75485   85   83    1.71919    1.78185  3.64%   121 3717s
 1819489 455004    1.75485   78   78    1.71919    1.78185  3.64%   121 3723s
 1821614 455752 infeasible   83         1.71919    1.78184  3.64%   121 3729s
 1823649 456469    1.77882   76  120    1.71919    1.78184  3.64%   121 3736s
 1825619 456860    1.75485   82   79    1.71919    1.78184  3.64%   121 3741s
 1827302 457327 infeasible   86         1.71919    1.78184  3.64%   121 3747s
 1828970 457661    1.78022   81  109    1.71919    1.78184  3.64%   121 3752s
 1830509 458172 infeasible   88         1.71919    1.78184  3.64%   121 3758s
 1832273 458803 infeasible   78         1.71919    1.78184  3.64%   121 3764s
 1834375 459350    1.78184   79   61    1.71919    1.78184  3.64%   121 3771s
 1836545 459915 infeasible   75         1.71919    1.78184  3.64%   121 3776s
 1838607 459973    1.77799   82   92    1.71919    1.78184  3.64%   121 3791s
H1838632 459973                       1.7191852    1.78184  3.64%   121 3791s
 1838936 460482 infeasible   88         1.71919    1.78184  3.64%   121 3796s
 1841001 460983 infeasible   82         1.71919    1.78183  3.64%   121 3801s
 1843011 461551 infeasible   70         1.71919    1.78183  3.64%   121 3806s
 1844818 462018 infeasible   91         1.71919    1.78183  3.64%   121 3811s
 1846643 462520    1.75122   82   82    1.71919    1.78183  3.64%   121 3818s
 1848702 463089    1.75485   83   73    1.71919    1.78183  3.64%   121 3824s
 1850896 463630    1.75485   82   63    1.71919    1.78182  3.64%   121 3830s
 1852985 464265    1.78182   73  103    1.71919    1.78182  3.64%   121 3836s
 1854925 464806    1.75485   80   69    1.71919    1.78182  3.64%   121 3842s
 1856850 465220    1.78175   62  103    1.71919    1.78182  3.64%   121 3847s
 1858508 465836 infeasible   85         1.71919    1.78182  3.64%   121 3854s
 1860532 466553    1.78182   76   97    1.71919    1.78182  3.64%   121 3860s
 1862558 467180    1.75485   86  103    1.71919    1.78182  3.64%   121 3866s
 1864697 468036    1.78182   75   85    1.71919    1.78182  3.64%   121 3873s
 1867020 468899    1.78124   73   74    1.71919    1.78182  3.64%   121 3880s
 1869112 469485    1.75362   75   82    1.71919    1.78182  3.64%   121 3887s
 1871023 470054    1.75485   77   71    1.71919    1.78182  3.64%   121 3898s
 1872887 470434 infeasible   82         1.71919    1.78181  3.64%   121 3904s
 1874586 470969 infeasible   70         1.71919    1.78181  3.64%   121 3911s
 1876672 471404    1.77535   86   78    1.71919    1.78181  3.64%   121 3917s
 1878814 471822 infeasible   68         1.71919    1.78181  3.64%   121 3923s
 1881364 472248    1.77316   76  127    1.71919    1.78181  3.64%   121 3931s
 1884513 472671 infeasible   74         1.71919    1.78181  3.64%   121 3939s
 1887615 472994    1.78181   71   93    1.71919    1.78181  3.64%   121 3946s
 1890728 473238    1.78158   84  106    1.71919    1.78181  3.64%   121 3963s
 1893487 473331    1.77782   76  109    1.71919    1.78181  3.64%   121 3977s
 1894118 473674    1.75485   77  115    1.71919    1.78181  3.64%   121 3983s
 1896458 474027    1.78145   80   76    1.71919    1.78181  3.64%   121 3989s
 1898669 474486    1.78178   79   95    1.71919    1.78181  3.64%   121 3994s
 1900671 474995    1.75475   78  120    1.71919    1.78180  3.64%   121 3999s
 1902709 475486 infeasible   84         1.71919    1.78180  3.64%   121 4006s
 1904888 475982    1.75376   69   99    1.71919    1.78180  3.64%   121 4012s
 1906963 476417 infeasible   88         1.71919    1.78180  3.64%   121 4018s
 1909058 476926    1.75485   76   56    1.71919    1.78180  3.64%   121 4024s
 1911132 477599 infeasible   82         1.71919    1.78179  3.64%   121 4031s
 1913451 478178    1.75485   82   79    1.71919    1.78179  3.64%   121 4038s
 1915575 478751    1.78051   78  104    1.71919    1.78179  3.64%   121 4044s
 1917396 478751    1.75672   70   70    1.71919    1.78179  3.64%   121 4045s
 1917655 479154 infeasible   88         1.71919    1.78179  3.64%   121 4051s
 1919774 479480 infeasible   82         1.71919    1.78179  3.64%   121 4061s
 1921631 479801 infeasible   85         1.71919    1.78178  3.64%   121 4068s
 1923747 480152    1.75485   76   80    1.71919    1.78178  3.64%   121 4074s
 1925710 480715 infeasible   86         1.71919    1.78178  3.64%   121 4081s
 1927899 481240    1.77839   76   92    1.71919    1.78178  3.64%   121 4087s
H1928868 481240                       1.7191852    1.78178  3.64%   121 4087s
 1930109 481704    1.75485   79   86    1.71919    1.78178  3.64%   121 4093s
 1931871 482201    1.76303   70  107    1.71919    1.78177  3.64%   121 4099s
 1933872 482697    1.78177   76   88    1.71919    1.78177  3.64%   121 4107s
 1935578 483235    1.75485   79   69    1.71919    1.78177  3.64%   121 4113s
 1937492 483686    1.75485   77   76    1.71919    1.78177  3.64%   121 4118s
 1939265 484212    1.77279   72  115    1.71919    1.78177  3.64%   121 4125s
 1941405 484811 infeasible   82         1.71919    1.78177  3.64%   121 4131s
 1943579 485516 infeasible   86         1.71919    1.78177  3.64%   121 4143s
 1945739 486294    1.75485   83   65    1.71919    1.78177  3.64%   121 4149s
 1948186 487091 infeasible   90         1.71919    1.78177  3.64%   121 4154s
 1950567 487727    1.78039   77   81    1.71919    1.78177  3.64%   121 4160s
 1954323 488214 infeasible   84         1.71919    1.78177  3.64%   121 4165s
 1954876 488510    1.75485   88  110    1.71919    1.78176  3.64%   121 4170s
 1956361 488920 infeasible   87         1.71919    1.78176  3.64%   121 4183s
 1958311 489531    1.75485   84   78    1.71919    1.78176  3.64%   121 4189s
 1960488 490018    1.75485   84   72    1.71919    1.78176  3.64%   121 4196s
 1962564 490408 infeasible   82         1.71919    1.78175  3.64%   121 4201s
 1964362 490958    1.75485   78  104    1.71919    1.78175  3.64%   121 4208s
 1966534 491602    1.78064   71   93    1.71919    1.78175  3.64%   121 4214s
 1968694 492155    1.75485   73   92    1.71919    1.78175  3.64%   121 4222s
 1970966 492782 infeasible   85         1.71919    1.78175  3.64%   121 4228s
 1973041 493326 infeasible   88         1.71919    1.78174  3.64%   121 4235s
 1975175 493843    1.75485   89   60    1.71919    1.78174  3.64%   121 4242s
 1977249 494209    1.77659   80   94    1.71919    1.78174  3.64%   121 4249s
 1979082 494691    1.75485   80   64    1.71919    1.78174  3.64%   121 4256s
 1981237 495306    1.75485   81   71    1.71919    1.78174  3.64%   121 4263s
 1983500 495888 infeasible   81         1.71919    1.78174  3.64%   121 4270s
 1985618 496335 infeasible   82         1.71919    1.78173  3.64%   121 4277s
 1987602 496872    1.78171   76  123    1.71919    1.78173  3.64%   121 4283s
 1989522 497471    1.75485   77   99    1.71919    1.78173  3.64%   121 4301s
 1991632 498016    1.75485   85   79    1.71919    1.78173  3.64%   121 4307s
 1993774 498482    1.75485   77   49    1.71919    1.78173  3.64%   121 4315s
 1995908 498848 infeasible   76         1.71919    1.78173  3.64%   121 4322s
 1997834 499230 infeasible  102         1.71919    1.78172  3.64%   121 4329s
 1999903 499697    1.72894   85   74    1.71919    1.78172  3.64%   121 4336s
 2001806 500112    1.75485   81   81    1.71919    1.78172  3.64%   121 4348s
 2003428 500493 infeasible   80         1.71919    1.78172  3.64%   121 4355s
 2005580 500988    1.75485   78   81    1.71919    1.78172  3.64%   121 4362s
 2007830 501520    1.77960   87  110    1.71919    1.78171  3.64%   121 4370s
 2010066 501920 infeasible   86         1.71919    1.78171  3.64%   121 4378s
 2012086 502557 infeasible   85         1.71919    1.78171  3.64%   121 4384s
 2012453 502557    1.78169   68  105    1.71919    1.78171  3.64%   121 4385s
 2014164 502943    1.77945   77   95    1.71919    1.78171  3.64%   121 4391s
 2015978 503407 infeasible   89         1.71919    1.78171  3.64%   121 4396s
 2018080 503942    1.75485   86   93    1.71919    1.78171  3.64%   121 4403s
 2020220 504500 infeasible   84         1.71919    1.78170  3.64%   121 4408s
 2022434 504961 infeasible   82         1.71919    1.78170  3.64%   121 4416s
 2024487 505272    1.75485   80   81    1.71919    1.78170  3.64%   121 4423s
 2025932 505577    1.76627   84   95    1.71919    1.78170  3.64%   121 4438s
 2027094 506112 infeasible   87         1.71919    1.78170  3.64%   121 4443s
 2029171 506513    1.75485   82  104    1.71919    1.78169  3.64%   121 4450s
 2031190 506930    1.78166   84   87    1.71919    1.78169  3.64%   121 4457s
 2033318 507295 infeasible   89         1.71919    1.78169  3.64%   121 4464s
 2035067 507633 infeasible   92         1.71919    1.78169  3.64%   121 4469s
 2036873 508037    1.75485   80   83    1.71919    1.78169  3.64%   121 4479s
 2038906 508414 infeasible   79         1.71919    1.78168  3.64%   121 4485s
 2040973 508898    1.75485   80  111    1.71919    1.78168  3.64%   121 4492s
 2043045 509367    1.75485   88   99    1.71919    1.78168  3.64%   121 4499s
 2045089 509915    1.78144   67  104    1.71919    1.78168  3.64%   121 4505s
 2047162 510281    1.75485   80   76    1.71919    1.78168  3.63%   121 4515s
 2048941 510837 infeasible   87         1.71919    1.78167  3.63%   121 4522s
 2051084 511204    1.75485   79  108    1.71919    1.78167  3.63%   121 4528s
 2052806 511773    1.75485   78   93    1.71919    1.78167  3.63%   121 4535s
 2054882 512324    1.75485   72  105    1.71919    1.78167  3.63%   121 4545s
 2056905 512790    1.75485   95   79    1.71919    1.78167  3.63%   121 4552s
 2058911 513239 infeasible   72         1.71919    1.78167  3.63%   121 4558s
 2060954 513792    1.75485   77   82    1.71919    1.78166  3.63%   121 4563s
 2063004 514313    1.72894   86   86    1.71919    1.78166  3.63%   121 4568s
 2064814 514898    1.75485   89   86    1.71919    1.78166  3.63%   122 4574s
 2066922 515330    1.75485   77   92    1.71919    1.78166  3.63%   122 4588s
 2068948 515756 infeasible   75         1.71919    1.78166  3.63%   122 4595s
 2070966 516301 infeasible   88         1.71919    1.78166  3.63%   122 4601s
 2072949 516882    1.75485   81  103    1.71919    1.78165  3.63%   122 4608s
 2075051 517285    1.75485   79   66    1.71919    1.78165  3.63%   122 4614s
 2076939 517675    1.72894   81   82    1.71919    1.78165  3.63%   122 4620s
 2078980 518112    1.75485   84  108    1.71919    1.78165  3.63%   122 4627s
 2081018 518492    1.78156   74   93    1.71919    1.78164  3.63%   122 4636s
 2082559 518871    1.75485   85   66    1.71919    1.78164  3.63%   122 4644s
 2084577 519284 infeasible   79         1.71919    1.78164  3.63%   122 4651s
 2086289 519625    1.78127   72  123    1.71919    1.78164  3.63%   122 4657s
 2088234 520016    1.75485   84  108    1.71919    1.78164  3.63%   122 4665s
 2090204 520529 infeasible   87         1.71919    1.78163  3.63%   122 4672s
 2092174 520961    1.75485   85   66    1.71919    1.78163  3.63%   122 4679s
 2094186 521349    1.75485   80   82    1.71919    1.78163  3.63%   122 4687s
 2096224 521690    1.77988   77   92    1.71919    1.78163  3.63%   122 4694s
 2098048 522108    1.78162   73  115    1.71919    1.78162  3.63%   122 4701s
 2100230 522530    1.78150   77  108    1.71919    1.78162  3.63%   122 4711s
 2102044 523113    1.75485   82  100    1.71919    1.78162  3.63%   122 4718s
 2104018 523852    1.75485   83  104    1.71919    1.78162  3.63%   122 4727s
 2106193 524798    1.75485   73   92    1.71919    1.78161  3.63%   122 4734s
 2106405 524798 infeasible   80         1.71919    1.78161  3.63%   122 4735s
 2108419 525611    1.75485   73   85    1.71919    1.78161  3.63%   122 4741s
 2110484 526529    1.75485   84  100    1.71919    1.78161  3.63%   122 4748s
 2112731 527182    1.75485   77   56    1.71919    1.78161  3.63%   122 4756s
 2114819 527952    1.77678   79   91    1.71919    1.78161  3.63%   122 4763s
 2116900 528639 infeasible   84         1.71919    1.78161  3.63%   122 4770s
 2118895 529306 infeasible   88         1.71919    1.78161  3.63%   122 4777s
 2120949 529924    1.75485   90   56    1.71919    1.78161  3.63%   122 4794s
 2122910 530525    1.75485   81   59    1.71919    1.78161  3.63%   122 4801s
 2125130 531036    1.75485   88   68    1.71919    1.78161  3.63%   122 4809s
 2126927 531616    1.75485   80   85    1.71919    1.78161  3.63%   122 4818s
 2129158 532192 infeasible   89         1.71919    1.78161  3.63%   122 4827s
 2131350 532587    1.78151   80   89    1.71919    1.78161  3.63%   122 4833s
 2133275 533205 infeasible   89         1.71919    1.78161  3.63%   122 4840s
 2135354 533931    1.72894   83  104    1.71919    1.78161  3.63%   122 4847s
 2137417 534148    1.75485   89  101    1.71919    1.78161  3.63%   122 4866s
 2138236 534750 infeasible   88         1.71919    1.78161  3.63%   122 4871s
 2140102 535151 infeasible   84         1.71919    1.78161  3.63%   122 4876s
 2141819 535634    1.75485   83   78    1.71919    1.78161  3.63%   122 4882s
 2143827 535703    1.75485   76   86    1.71919    1.78161  3.63%   122 4903s
 2144258 536055    1.75485   86  108    1.71919    1.78161  3.63%   122 4910s
 2146165 536489 infeasible   83         1.71919    1.78160  3.63%   122 4916s
 2148123 537037 infeasible   77         1.71919    1.78160  3.63%   122 4922s
 2150223 537465    1.77961   82   93    1.71919    1.78160  3.63%   122 4933s
 2152206 537958 infeasible   87         1.71919    1.78160  3.63%   122 4940s
 2154175 538427    1.78030   68  111    1.71919    1.78159  3.63%   122 4946s
 2156270 538839    1.75485   80   80    1.71919    1.78159  3.63%   122 4953s
 2158004 539302    1.75485   89   98    1.71919    1.78159  3.63%   122 4958s
 2159777 539676 infeasible   79         1.71919    1.78159  3.63%   122 4973s
 2161641 540152    1.75485   76   62    1.71919    1.78159  3.63%   122 4979s
 2163651 540629    1.78159   81   88    1.71919    1.78159  3.63%   122 4985s
 2165726 541275    1.75485   84   90    1.71919    1.78158  3.63%   122 4992s
 2167809 541729 infeasible   84         1.71919    1.78158  3.63%   122 4998s
 2169783 542162 infeasible   85         1.71919    1.78158  3.63%   122 5004s
 2171630 542680    1.72894   88   93    1.71919    1.78158  3.63%   122 5011s
 2173704 543228    1.75485   83   96    1.71919    1.78158  3.63%   122 5019s
 2175645 543710    1.75340   83  105    1.71919    1.78157  3.63%   122 5026s
 2177667 544096 infeasible   86         1.71919    1.78157  3.63%   122 5032s
 2179625 544592 infeasible   83         1.71919    1.78157  3.63%   122 5039s
 2181789 545107    1.78061   69  114    1.71919    1.78157  3.63%   122 5046s
 2183701 545596 infeasible   80         1.71919    1.78157  3.63%   122 5052s
 2185149 546072    1.75485   87  103    1.71919    1.78157  3.63%   122 5059s
 2187144 546558    1.75485   70   69    1.71919    1.78156  3.63%   122 5065s
 2189186 547053    1.75485   76  102    1.71919    1.78156  3.63%   122 5073s
 2191249 547579    1.75485   83  107    1.71919    1.78156  3.63%   122 5080s
 2193373 547969 infeasible   82         1.71919    1.78156  3.63%   122 5086s
 2195247 548642    1.78091   76  108    1.71919    1.78156  3.63%   122 5094s
 2197301 549079    1.75485   80   90    1.71919    1.78155  3.63%   122 5105s
 2199235 549532    1.75485   84  109    1.71919    1.78155  3.63%   122 5112s
 2201356 550054    1.75413   81   75    1.71919    1.78155  3.63%   122 5119s
 2203385 550464 infeasible   81         1.71919    1.78155  3.63%   122 5125s
 2205368 550908 infeasible   82         1.71919    1.78154  3.63%   122 5133s
 2207290 551319 infeasible   81         1.71919    1.78154  3.63%   122 5141s
 2209374 551657    1.78026   72  109    1.71919    1.78154  3.63%   122 5148s
 2211266 552238    1.78154   81   81    1.71919    1.78154  3.63%   122 5155s
 2213284 552689    1.75485   83   97    1.71919    1.78154  3.63%   123 5166s
 2215198 553060    1.72894   79  103    1.71919    1.78153  3.63%   123 5173s
 2217221 553517    1.78148   80   86    1.71919    1.78153  3.63%   123 5181s
 2219178 554022    1.75183   85   81    1.71919    1.78153  3.63%   123 5186s
 2221047 554287    1.75485   90   56    1.71919    1.78153  3.63%   123 5202s
 2222076 554663    1.75372   87   98    1.71919    1.78153  3.63%   123 5208s
 2223954 555205 infeasible   76         1.71919    1.78153  3.63%   123 5225s
 2225851 555547 infeasible   81         1.71919    1.78152  3.63%   123 5230s
 2227583 556118    1.78087   76  104    1.71919    1.78152  3.63%   123 5238s
 2229764 556426 infeasible   84         1.71919    1.78152  3.63%   123 5244s
 2231432 556798 infeasible   79         1.71919    1.78152  3.63%   123 5252s
 2233033 557246 infeasible   79         1.71919    1.78152  3.63%   123 5258s
 2235127 557517    1.75485   84   93    1.71919    1.78151  3.63%   123 5274s
 2236127 558008    1.75485   82  126    1.71919    1.78151  3.63%   123 5280s
 2238132 558514    1.75485   87  101    1.71919    1.78151  3.63%   123 5285s
 2240220 558906 infeasible   84         1.71919    1.78151  3.63%   123 5292s
 2242221 559398    1.75485   83  103    1.71919    1.78151  3.63%   123 5299s
 2244129 559819    1.75485   79  120    1.71919    1.78150  3.62%   123 5305s
 2246046 560308    1.75485   88   90    1.71919    1.78150  3.62%   123 5311s
 2247980 560869 infeasible   79         1.71919    1.78150  3.62%   123 5318s
 2249961 561472    1.75485   83   72    1.71919    1.78150  3.62%   123 5323s
 2251807 561876    1.77917   76  122    1.71919    1.78150  3.62%   123 5339s
 2253742 562336 infeasible   78         1.71919    1.78150  3.62%   123 5345s
 2255840 562752    1.75485   75  105    1.71919    1.78149  3.62%   123 5352s
 2257792 563150    1.75485   83  101    1.71919    1.78149  3.62%   123 5358s
 2259822 563572    1.78069   86   74    1.71919    1.78149  3.62%   123 5365s
 2261654 563933    1.75485   72   72    1.71919    1.78149  3.62%   123 5370s
 2263430 564350 infeasible   86         1.71919    1.78148  3.62%   123 5388s
 2265182 564804 infeasible   91         1.71919    1.78148  3.62%   123 5395s
 2267155 565329    1.75485   73   98    1.71919    1.78148  3.62%   123 5402s
 2269130 565607    1.72894   88   91    1.71919    1.78148  3.62%   123 5409s
 2270624 566089 infeasible   82         1.71919    1.78148  3.62%   123 5417s
 2272409 566417 infeasible   78         1.71919    1.78148  3.62%   123 5422s
 2273916 566757    1.75485   79   94    1.71919    1.78148  3.62%   123 5429s
 2275669 567235    1.77835   68  104    1.71919    1.78148  3.62%   123 5436s
 2277553 567759 infeasible   80         1.71919    1.78148  3.62%   123 5444s
 2279577 568108    1.75485   95   46    1.71919    1.78147  3.62%   123 5451s
 2281566 568653    1.78147   74   98    1.71919    1.78147  3.62%   123 5458s
 2283566 569127    1.75485   90  105    1.71919    1.78147  3.62%   123 5465s
 2285555 569683 infeasible   71         1.71919    1.78147  3.62%   123 5472s
 2287300 570242 infeasible   80         1.71919    1.78146  3.62%   123 5480s
 2289212 570636    1.75485   86   71    1.71919    1.78146  3.62%   123 5489s
 2291032 571042    1.75485   79   82    1.71919    1.78146  3.62%   123 5496s
 2293036 571570 infeasible   84         1.71919    1.78145  3.62%   123 5504s
 2295213 572145 infeasible   82         1.71919    1.78145  3.62%   123 5517s
 2297158 572503 infeasible   81         1.71919    1.78145  3.62%   123 5521s
 2298792 572841 infeasible   89         1.71919    1.78145  3.62%   123 5529s
 2300438 573315 infeasible   80         1.71919    1.78144  3.62%   123 5534s
 2302430 573822    1.75485   68   98    1.71919    1.78144  3.62%   123 5541s
 2304494 574300    1.75485   71   86    1.71919    1.78144  3.62%   123 5548s
 2306571 574854 infeasible   88         1.71919    1.78144  3.62%   123 5554s
 2308509 575297 infeasible   87         1.71919    1.78144  3.62%   123 5560s
 2310355 575747 infeasible   85         1.71919    1.78143  3.62%   123 5567s
 2312488 576236 infeasible   86         1.71919    1.78143  3.62%   123 5584s
 2314406 576744    1.75485   78   97    1.71919    1.78143  3.62%   123 5591s
 2316484 577107 infeasible   86         1.71919    1.78143  3.62%   123 5599s
 2318157 577522 infeasible   93         1.71919    1.78142  3.62%   123 5606s
 2320121 577877 infeasible   77         1.71919    1.78142  3.62%   123 5611s
 2321813 578281    1.75485   82   78    1.71919    1.78142  3.62%   124 5618s
 2323832 578513    1.75485   83   59    1.71919    1.78141  3.62%   124 5635s
H2324055 501007                       1.7240786    1.78141  3.33%   124 5635s
 2324893 501458    1.75122   74   72    1.72408    1.78141  3.33%   124 5642s
 2326880 501948 infeasible   89         1.72408    1.78141  3.33%   124 5647s
 2328930 502460    1.78120   79   71    1.72408    1.78141  3.33%   124 5655s
H2329875 502460                       1.7240786    1.78141  3.33%   124 5655s
 2330992 502672 infeasible   75         1.72408    1.78141  3.33%   124 5671s
 2331938 503075    1.78140   61  105    1.72408    1.78141  3.33%   124 5678s
 2334016 503400    1.75485   86   68    1.72408    1.78140  3.32%   124 5683s
H2334670 503400                       1.7240786    1.78140  3.32%   124 5683s
 2335568 503774 infeasible   85         1.72408    1.78140  3.32%   124 5689s
 2337515 504355 infeasible   83         1.72408    1.78140  3.32%   124 5695s
 2339583 504888    1.75485   81   96    1.72408    1.78139  3.32%   124 5702s
 2341639 505339    1.75485   82   87    1.72408    1.78139  3.32%   124 5708s
H2343104 505339                       1.7240786    1.78139  3.32%   124 5709s
 2343635 505802    1.75485   74  106    1.72408    1.78139  3.32%   124 5715s
H2345537 505802                       1.7240786    1.78139  3.32%   124 5715s
 2345656 506305 infeasible   92         1.72408    1.78139  3.32%   124 5722s
 2347781 506833    1.75485   86   44    1.72408    1.78138  3.32%   124 5730s
H2348866 506833                       1.7240786    1.78138  3.32%   124 5730s
 2349971 507278 infeasible   85         1.72408    1.78138  3.32%   124 5736s
 2352043 507699    1.75485   91   65    1.72408    1.78138  3.32%   124 5743s
 2354137 508216 infeasible   86         1.72408    1.78137  3.32%   124 5750s
 2356219 508575    1.75485   93   48    1.72408    1.78137  3.32%   124 5756s
 2358142 508858    1.75485   84   93    1.72408    1.78137  3.32%   124 5763s
 2359473 509183 infeasible   99         1.72408    1.78137  3.32%   124 5769s
 2361511 509562 infeasible   88         1.72408    1.78136  3.32%   124 5776s
 2363726 509948 infeasible   82         1.72408    1.78136  3.32%   124 5787s
 2365755 510312    1.77999   72  104    1.72408    1.78136  3.32%   124 5819s
 2367336 510799    1.75485   91   78    1.72408    1.78135  3.32%   124 5825s
 2369394 511266    1.78077   80   96    1.72408    1.78135  3.32%   124 5832s
 2371525 511584 infeasible   79         1.72408    1.78135  3.32%   124 5839s
 2373533 512068    1.78122   73  113    1.72408    1.78134  3.32%   124 5846s
 2375749 512525    1.75122   77   83    1.72408    1.78134  3.32%   124 5853s
 2377788 512970    1.75485   75   74    1.72408    1.78134  3.32%   124 5860s
 2379811 513503 infeasible   80         1.72408    1.78133  3.32%   124 5868s
 2381962 514003    1.78071   83  115    1.72408    1.78133  3.32%   124 5875s
 2384095 514461    1.77867   85  107    1.72408    1.78133  3.32%   124 5881s
 2386108 514954    1.75485   68   63    1.72408    1.78133  3.32%   124 5888s
 2387935 515350    1.75485   81   93    1.72408    1.78132  3.32%   124 5895s
 2389941 515852    1.78132   76   84    1.72408    1.78132  3.32%   124 5902s
 2391947 516208 infeasible   85         1.72408    1.78132  3.32%   124 5909s
 2394010 516753     cutoff   70         1.72408    1.78131  3.32%   124 5917s
 2396290 517102 infeasible   83         1.72408    1.78131  3.32%   124 5924s
 2398281 517537    1.75485   84   52    1.72408    1.78131  3.32%   124 5930s
 2400309 517998 infeasible   80         1.72408    1.78130  3.32%   124 5938s
 2402528 518472 infeasible   84         1.72408    1.78130  3.32%   124 5945s
 2404584 518859    1.75485   98   54    1.72408    1.78130  3.32%   124 5952s
 2406577 519402    1.75485   95  113    1.72408    1.78129  3.32%   124 5959s
 2408797 520100    1.75485   85   91    1.72408    1.78129  3.32%   124 5967s
 2410959 520586    1.75122   72   77    1.72408    1.78129  3.32%   124 5975s
 2413078 521073 infeasible   90         1.72408    1.78128  3.32%   124 5982s
 2414931 521542    1.78046   83   96    1.72408    1.78128  3.32%   124 5990s
H2416053 521542                       1.7240786    1.78128  3.32%   124 5990s
 2417112 521915    1.75485   87   92    1.72408    1.78128  3.32%   124 5998s
 2418931 522420 infeasible   79         1.72408    1.78127  3.32%   124 6007s
 2421222 522760    1.75122   81   85    1.72408    1.78127  3.32%   124 6014s
 2423443 523211    1.75485   86   97    1.72408    1.78126  3.32%   124 6022s
 2425577 523625    1.77969   84   93    1.72408    1.78126  3.32%   124 6029s
 2427425 524051 infeasible   81         1.72408    1.78125  3.32%   124 6037s
 2429486 524594 infeasible   85         1.72408    1.78125  3.32%   124 6045s
 2431503 525069    1.75485   76  109    1.72408    1.78124  3.32%   124 6052s
 2433532 525483    1.78089   80   82    1.72408    1.78124  3.32%   124 6060s
 2435671 525755    1.75485   77   91    1.72408    1.78124  3.32%   124 6068s
 2437378 526195 infeasible   78         1.72408    1.78123  3.32%   124 6076s
 2439650 526556    1.75485   86   94    1.72408    1.78123  3.31%   124 6084s
 2441795 527054    1.75485   81   62    1.72408    1.78123  3.31%   124 6092s
 2444130 527592 infeasible   94         1.72408    1.78122  3.31%   124 6101s
 2446360 528064    1.78039   82   78    1.72408    1.78122  3.31%   124 6108s
 2448536 528537    1.75485   79   66    1.72408    1.78122  3.31%   124 6115s
 2450524 529090 infeasible   63         1.72408    1.78122  3.31%   124 6123s
 2452616 529592 infeasible   84         1.72408    1.78121  3.31%   124 6133s
 2454723 529990 infeasible   86         1.72408    1.78120  3.31%   124 6146s
 2456779 530554 infeasible   77         1.72408    1.78120  3.31%   124 6154s
 2457626 530554    1.75485   84   77    1.72408    1.78120  3.31%   124 6155s
 2459043 530914 infeasible   85         1.72408    1.78120  3.31%   124 6161s
 2460771 531251 infeasible   85         1.72408    1.78119  3.31%   124 6169s
 2462466 531799    1.78119   63   97    1.72408    1.78119  3.31%   124 6176s
 2464266 532482    1.78119   71   64    1.72408    1.78119  3.31%   124 6183s
 2466482 533133    1.78119   78  110    1.72408    1.78119  3.31%   124 6194s
 2468891 533912    1.78119   90   98    1.72408    1.78119  3.31%   124 6206s
 2471469 534587    1.78119   57  100    1.72408    1.78119  3.31%   124 6216s
 2473832 535300    1.75132   80   89    1.72408    1.78119  3.31%   124 6226s
 2476030 535882 infeasible   86         1.72408    1.78119  3.31%   124 6234s
 2478264 536489 infeasible   84         1.72408    1.78119  3.31%   124 6243s
 2480613 537062 infeasible   91         1.72408    1.78119  3.31%   124 6252s
 2483170 537429    1.75132   81   73    1.72408    1.78119  3.31%   124 6260s
 2485139 538013 infeasible   81         1.72408    1.78119  3.31%   124 6269s
 2487547 538319 infeasible   88         1.72408    1.78119  3.31%   124 6303s
 2488916 538756    1.75132   84   65    1.72408    1.78119  3.31%   124 6312s
 2491063 539310    1.75132   91   50    1.72408    1.78119  3.31%   124 6321s
 2493444 539802    1.75132   78   86    1.72408    1.78119  3.31%   124 6331s
 2495822 540184 infeasible   79         1.72408    1.78119  3.31%   124 6350s
 2497260 540684    1.75132   71   74    1.72408    1.78119  3.31%   124 6359s
 2498056 540684    1.75132   87   46    1.72408    1.78119  3.31%   124 6360s
 2499648 541022    1.78119   84   87    1.72408    1.78119  3.31%   124 6368s
 2501832 541452    1.78119   81   70    1.72408    1.78119  3.31%   124 6376s
 2503929 541783    1.75132   79   80    1.72408    1.78119  3.31%   124 6395s
 2506013 542132 infeasible   85         1.72408    1.78119  3.31%   124 6403s
 2508102 542511 infeasible   89         1.72408    1.78119  3.31%   124 6411s
 2510301 542947 infeasible   81         1.72408    1.78119  3.31%   124 6419s
 2512424 543296    1.75132   82   87    1.72408    1.78119  3.31%   124 6431s
 2514527 543607 infeasible   85         1.72408    1.78119  3.31%   125 6437s
 2516390 543814 infeasible   70         1.72408    1.78119  3.31%   125 6446s
 2517854 544034    1.75132   92   82    1.72408    1.78119  3.31%   125 6453s
 2519777 544157 infeasible   85         1.72408    1.78119  3.31%   125 6471s
H2520060 544157                       1.7240787    1.78119  3.31%   125 6471s
 2520662 544342    1.78119   68  105    1.72408    1.78119  3.31%   125 6478s
 2522512 544470    1.78119   67   70    1.72408    1.78119  3.31%   125 6484s
 2524435 544629 infeasible   89         1.72408    1.78119  3.31%   125 6489s
 2525968 544776    1.78119   80   98    1.72408    1.78119  3.31%   125 6496s
 2527692 544910 infeasible   67         1.72408    1.78119  3.31%   125 6501s
 2529402 544921    1.78119   72   75    1.72408    1.78119  3.31%   125 6507s
 2531036 545021    1.75132   88   96    1.72408    1.78119  3.31%   125 6513s
 2532617 545036    1.78013   79  113    1.72408    1.78119  3.31%   125 6529s
 2533726 545105 infeasible   73         1.72408    1.78119  3.31%   125 6536s
 2535358 545179 infeasible   65         1.72408    1.78119  3.31%   125 6541s
 2536688 545250    1.78119   68   79    1.72408    1.78119  3.31%   125 6547s
 2538446 545249 infeasible   68         1.72408    1.78119  3.31%   125 6554s
 2540132 545237 infeasible   99         1.72408    1.78119  3.31%   125 6562s
 2542887 545357    1.78116   76  114    1.72408    1.78119  3.31%   125 6568s
 2544711 545316    1.78119   64   62    1.72408    1.78119  3.31%   125 6573s
 2546625 545405    1.77424   83   92    1.72408    1.78119  3.31%   125 6579s
 2548666 545383 infeasible   71         1.72408    1.78119  3.31%   125 6585s
 2550408 545456 infeasible   80         1.72408    1.78119  3.31%   125 6594s
 2552859 545402    1.78119   60   79    1.72408    1.78119  3.31%   125 6600s
 2554538 545580    1.78119   63   99    1.72408    1.78119  3.31%   125 6610s
 2557393 545852 infeasible   79         1.72408    1.78119  3.31%   125 6616s
 2559162 545919 infeasible   69         1.72408    1.78119  3.31%   125 6632s
 2560635 545919    1.78119   70   89    1.72408    1.78119  3.31%   125 6637s
 2562037 546035    1.78104   70  131    1.72408    1.78119  3.31%   125 6650s
 2562744 546226 infeasible   75         1.72408    1.78119  3.31%   125 6656s
 2564544 546582    1.75485   81   96    1.72408    1.78119  3.31%   126 6662s
 2566555 547041    1.75485   91   35    1.72408    1.78119  3.31%   126 6668s
 2568665 547448 infeasible   82         1.72408    1.78119  3.31%   126 6675s
 2570856 547990    1.78102   79  109    1.72408    1.78118  3.31%   126 6689s
 2572845 548531 infeasible   92         1.72408    1.78118  3.31%   126 6696s
 2575133 548994    1.75485   77   85    1.72408    1.78118  3.31%   126 6703s
 2577390 549486    1.78109   84   80    1.72408    1.78117  3.31%   126 6710s
 2579776 549882 infeasible   63         1.72408    1.78117  3.31%   126 6716s
 2581863 550236 infeasible   81         1.72408    1.78116  3.31%   125 6722s
 2583987 550700    1.75485   85   94    1.72408    1.78116  3.31%   126 6730s
 2586072 551114    1.78116   63   96    1.72408    1.78116  3.31%   126 6737s
 2588422 551405    1.75485  104   47    1.72408    1.78116  3.31%   126 6744s
 2590597 551683 infeasible   77         1.72408    1.78116  3.31%   126 6751s
 2592751 552084 infeasible   83         1.72408    1.78115  3.31%   126 6758s
 2594864 552566 infeasible   87         1.72408    1.78114  3.31%   126 6765s
 2596807 552961    1.75485   89   61    1.72408    1.78114  3.31%   126 6772s
 2599032 553333    1.78093   85   70    1.72408    1.78114  3.31%   126 6780s
 2601344 553771    1.75485   84  110    1.72408    1.78113  3.31%   126 6787s
 2603531 554145 infeasible   80         1.72408    1.78113  3.31%   126 6795s
 2605815 554539 infeasible   85         1.72408    1.78113  3.31%   126 6802s
 2608052 554887    1.78028   75  123    1.72408    1.78113  3.31%   126 6810s
 2609829 555435 infeasible   78         1.72408    1.78113  3.31%   126 6825s
 2611751 555930    1.75485   84   84    1.72408    1.78113  3.31%   126 6833s
 2613921 556412    1.78062   71  133    1.72408    1.78112  3.31%   126 6839s
 2615954 557274 infeasible   78         1.72408    1.78112  3.31%   126 6847s
 2618128 558025    1.75485   82   79    1.72408    1.78111  3.31%   126 6855s
 2620407 558703    1.78080   73   97    1.72408    1.78111  3.31%   126 6861s
 2622685 559513    1.74965   89   59    1.72408    1.78111  3.31%   126 6867s
 2624913 560514    1.75485   85  112    1.72408    1.78111  3.31%   126 6874s
 2627408 561583    1.74965   69   65    1.72408    1.78111  3.31%   126 6881s
 2629989 562665 infeasible  102         1.72408    1.78111  3.31%   126 6890s
 2632611 563467    1.74965   93   10    1.72408    1.78111  3.31%   126 6897s
 2635081 564349 infeasible  129         1.72408    1.78110  3.31%   126 6905s
 2637499 564942    1.75485   82   79    1.72408    1.78110  3.31%   126 6911s
 2639704 565714    1.77469   79   65    1.72408    1.78110  3.31%   126 6918s
 2642084 566304    1.75485   81   78    1.72408    1.78109  3.31%   126 6926s
 2644269 566874 infeasible   91         1.72408    1.78109  3.31%   126 6939s
 2646348 567696 infeasible   83         1.72408    1.78109  3.31%   126 6947s
 2648806 568388    1.75485   81   93    1.72408    1.78108  3.31%   126 6955s
 2651218 568964    1.75485   82   97    1.72408    1.78108  3.31%   126 6963s
 2653589 569503 infeasible   88         1.72408    1.78108  3.31%   126 6970s
 2655971 570189    1.78066   64   87    1.72408    1.78108  3.31%   126 6978s
 2658372 571169    1.74965   71  109    1.72408    1.78107  3.31%   126 6995s
H2658818 537110                       1.7280388    1.78107  3.07%   126 6995s
 2660787 537917    1.76130   79   96    1.72804    1.78107  3.07%   126 7006s
 2662807 538744    1.77868   77   94    1.72804    1.78107  3.07%   126 7013s
 2665407 539295    1.74965   78   97    1.72804    1.78107  3.07%   126 7031s
 2667158 539862    1.75485   79   72    1.72804    1.78107  3.07%   126 7037s
 2669180 540783    1.78100   66  121    1.72804    1.78107  3.07%   126 7044s
 2671754 541478 infeasible   82         1.72804    1.78107  3.07%   126 7051s
 2674162 541989    1.75485   88   89    1.72804    1.78106  3.07%   126 7056s
 2676255 542599 infeasible   70         1.72804    1.78106  3.07%   126 7063s
 2678529 543304 infeasible   88         1.72804    1.78106  3.07%   126 7070s
 2680984 543885    1.73058   94   71    1.72804    1.78105  3.07%   126 7077s
 2683516 544619    1.77868   79   80    1.72804    1.78105  3.07%   126 7086s
 2686255 545298    1.75485   85   95    1.72804    1.78105  3.07%   126 7093s
 2688431 546176    1.75485   91   82    1.72804    1.78105  3.07%   125 7100s
 2690965 547347    1.73058   74   36    1.72804    1.78105  3.07%   125 7108s
 2693885 547790    1.77672   78  116    1.72804    1.78104  3.07%   125 7117s
 2696087 548643    1.75485   82   63    1.72804    1.78104  3.07%   125 7124s
 2696233 548643 infeasible   71         1.72804    1.78104  3.07%   125 7125s
 2698639 549474    1.77980   82   85    1.72804    1.78104  3.07%   125 7132s
 2700994 550332     cutoff   92         1.72804    1.78104  3.07%   125 7139s
 2703228 551302    1.74965   94   96    1.72804    1.78104  3.07%   125 7146s
 2705727 551950    1.73539   93   79    1.72804    1.78104  3.07%   125 7161s
H2707409 300562                       1.7539505    1.78103  1.54%   125 7162s
 2707898 300521     cutoff   77         1.75395    1.78103  1.54%   125 7169s
 2710252 300763    1.75485   87   70    1.75395    1.78103  1.54%   125 7194s
H2710670 300763                       1.7539505    1.78103  1.54%   125 7194s
 2710900 300763    1.75485   78   84    1.75395    1.78103  1.54%   125 7195s
 2711593 301095    1.75485   88   76    1.75395    1.78103  1.54%   125 7200s

Cutting planes:
  Cover: 265
  Implied bound: 43
  Clique: 1
  MIR: 110
  StrongCG: 31
  Flow cover: 453
  Inf proof: 7
  RLT: 4
  Relax-and-lift: 33
  Lazy constraints: 5285

Explored 2713147 nodes (340258334 simplex iterations) in 7200.29 seconds (10845.45 work units)
Thread count was 18 (of 36 available processors)

Solution count 10: 1.75395 1.72804 1.72408 ... 1.71432

Time limit reached
Best objective 1.753950539275e+00, best bound 1.781025181544e+00, gap 1.5436%

User-callback calls 5638994, time in user-callback 25.12 sec
