
Gurobi 9.5.2 (win64) logging started Thu Dec 15 15:48:17 2022

Set parameter LogFile to value "../results_for_config-BNPWL/SC-county-BNPWL-7.log"
Set parameter LogToConsole to value 0
Gurobi Optimizer version 9.5.2 build v9.5.2rc0 (win64)
Thread count: 18 physical cores, 36 logical processors, using up to 18 threads
Optimize a model with 1418 rows, 910 columns and 12614 nonzeros
Model fingerprint: 0xf786f1a8
Variable types: 217 continuous, 693 integer (693 binary)
Coefficient statistics:
  Matrix range     [2e-03, 4e+06]
  Objective range  [1e+00, 1e+00]
  Bounds range     [1e+00, 4e+06]
  RHS range        [1e+00, 4e+06]

User MIP start produced solution with objective 1.17853 (0.03s)
Loaded user MIP start with objective 1.17853

Presolve removed 352 rows and 429 columns
Presolve time: 0.03s
Presolved: 1066 rows, 481 columns, 7780 nonzeros
Variable types: 134 continuous, 347 integer (333 binary)

Root relaxation: objective 4.304523e+00, 1188 iterations, 0.05 seconds (0.06 work units)

    Nodes    |    Current Node    |     Objective Bounds      |     Work
 Expl Unexpl |  Obj  Depth IntInf | Incumbent    BestBd   Gap | It/Node Time

     0     0    4.30452    0   60    1.17853    4.30452   265%     -    0s
     0     0    4.17870    0   63    1.17853    4.17870   255%     -    0s
     0     0    4.16320    0   59    1.17853    4.16320   253%     -    0s
     0     0    3.90057    0   59    1.17853    3.90057   231%     -    0s
     0     0    3.88815    0   58    1.17853    3.88815   230%     -    0s
     0     0    3.83862    0   65    1.17853    3.83862   226%     -    0s
     0     0    3.83588    0   68    1.17853    3.83588   225%     -    0s
     0     0    3.83096    0   72    1.17853    3.83096   225%     -    0s
     0     0    3.81812    0   64    1.17853    3.81812   224%     -    0s
     0     0    3.81810    0   71    1.17853    3.81810   224%     -    0s
     0     0    3.81780    0   69    1.17853    3.81780   224%     -    0s
     0     0    3.81780    0   78    1.17853    3.81780   224%     -    0s
     0     0    3.81768    0   73    1.17853    3.81768   224%     -    0s
     0     0    3.81757    0   71    1.17853    3.81757   224%     -    0s
     0     0    3.81757    0   72    1.17853    3.81757   224%     -    0s
     0     0    3.81757    0   80    1.17853    3.81757   224%     -    0s
     0     0    3.81757    0   78    1.17853    3.81757   224%     -    0s
     0     2    3.81757    0   77    1.17853    3.81757   224%     -    0s
   158   187    3.67773   11   64    1.17853    3.67854   212%  30.0    5s
  2553  2020 infeasible   19         1.17853    2.86772   143%  28.3   13s
  2608  2030    2.04437   21   76    1.17853    2.86772   143%  29.9   17s
  8880  3903    1.72238   25   74    1.17853    2.23166  89.4%  44.6   20s
 13193  6235    1.60848   28   84    1.17853    2.05206  74.1%  46.7   25s
 23829 12210    1.65391   27   96    1.17853    1.91343  62.4%  52.2   30s
 37401 19958 infeasible   25         1.17853    1.82807  55.1%  56.8   35s
 45703 23688    1.24325   73   69    1.17853    1.79555  52.4%  59.0   42s
 47328 24592    1.24159   50   67    1.17853    1.78831  51.7%  59.8   47s
 52010 27661    1.43756   35  105    1.17853    1.77154  50.3%  61.5   50s
 62470 32762    1.53943   26   74    1.17853    1.73817  47.5%  64.4   55s
 72614 38219    1.47564   30  106    1.17853    1.70669  44.8%  66.9   60s
 81997 42742    1.47519   30   62    1.17853    1.68425  42.9%  68.3   65s
 91070 47014    1.36114   34   92    1.17853    1.66620  41.4%  69.6   70s
 99887 51236    1.52536   28  116    1.17853    1.65157  40.1%  71.0   75s
H101668 50951                       1.1933024    1.64756  38.1%  71.3   78s
 103947 52465    1.42114   27  113    1.19330    1.64482  37.8%  71.6   80s
 111442 55886 infeasible   43         1.19330    1.63344  36.9%  72.5   85s
 115922 57671    1.47424   27  135    1.19330    1.62645  36.3%  73.0   96s
H115924 57417                       1.1963361    1.62645  36.0%  73.0   96s
H115987 56616                       1.2049428    1.62641  35.0%  73.1   96s
H116201 55965                       1.2115048    1.62568  34.2%  73.1   96s
H116563 55573                       1.2145385    1.62544  33.8%  73.1   96s
H116803 54336                       1.2240970    1.62512  32.8%  73.1   96s
 120598 56500    1.58094   31   62    1.22410    1.61964  32.3%  73.8  100s
 128853 60341    1.46544   32  100    1.22410    1.60892  31.4%  75.1  105s
 137306 64155    1.30543   42  103    1.22410    1.60075  30.8%  76.2  110s
 143135 66416    1.36327   34  126    1.22410    1.59534  30.3%  76.8  115s
H143214 66358                       1.2244971    1.59493  30.3%  76.8  115s
 148882 69340    1.46199   35   91    1.22450    1.58978  29.8%  77.6  120s
H150328 69188                       1.2265106    1.58836  29.5%  77.8  122s
H150604 68837                       1.2288349    1.58832  29.3%  77.8  122s
H152993 69309                       1.2326617    1.58667  28.7%  78.2  124s
 153199 69944 infeasible   44         1.23266    1.58643  28.7%  78.2  125s
 159628 72543 infeasible   33         1.23266    1.58172  28.3%  79.0  130s
 167333 76137     cutoff   46         1.23266    1.57686  27.9%  79.7  135s
 174319 79038    1.31754   33  109    1.23266    1.57175  27.5%  80.3  140s
 181384 82208    1.42428   24  115    1.23266    1.56673  27.1%  81.0  145s
 187077 84353    1.38131   34  114    1.23266    1.56312  26.8%  81.5  150s
 194046 87510    1.37227   40  122    1.23266    1.55792  26.4%  82.0  155s
 199956 89979    1.35844   40   97    1.23266    1.55431  26.1%  82.4  160s
 206188 92035 infeasible   44         1.23266    1.55096  25.8%  82.5  165s
H206239 89446                       1.2449479    1.55091  24.6%  82.5  165s
H206753 89517                       1.2451596    1.55054  24.5%  82.5  169s
H206950 88361                       1.2499107    1.55049  24.0%  82.6  169s
 206953 88843    1.48947   31  142    1.24991    1.55044  24.0%  82.6  170s
 213545 91515    1.48540   32  115    1.24991    1.54636  23.7%  83.1  176s
 219011 93530    1.39198   31  111    1.24991    1.54418  23.5%  83.5  180s
 224657 95753    1.50540   35  137    1.24991    1.54086  23.3%  83.8  185s
 231129 97989    1.49028   28   95    1.24991    1.53784  23.0%  84.3  191s
 236505 100002    1.39518   31  108    1.24991    1.53534  22.8%  84.6  195s
 243127 102571    1.30539   31  120    1.24991    1.53237  22.6%  85.1  200s
 248772 104521    1.37652   32   84    1.24991    1.53015  22.4%  85.4  205s
 254152 106503    1.33147   42   81    1.24991    1.52806  22.3%  85.7  211s
 257951 108123    1.46137   40   99    1.24991    1.52695  22.2%  86.0  215s
 263114 109890 infeasible   62         1.24991    1.52526  22.0%  86.3  221s
 266691 111735    1.26730   44   94    1.24991    1.52355  21.9%  86.4  225s
 272139 113715    1.45912   35  134    1.24991    1.52181  21.8%  86.7  230s
 277458 115741    1.33525   41  109    1.24991    1.51994  21.6%  87.0  235s
 283118 117822 infeasible   54         1.24991    1.51782  21.4%  87.1  240s
 287450 119431    1.37973   32  101    1.24991    1.51669  21.3%  87.2  245s
 293282 121735    1.35759   27  104    1.24991    1.51519  21.2%  87.4  250s
H296665 122464                       1.2499741    1.51403  21.1%  87.4  254s
 296963 122866    1.38508   39  107    1.24997    1.51399  21.1%  87.4  257s
 300599 124050    1.44041   35  113    1.24997    1.51268  21.0%  87.6  260s
 305894 126107    1.38706   33  141    1.24997    1.51102  20.9%  87.8  265s
 310931 127875 infeasible   33         1.24997    1.50939  20.8%  88.1  270s
 316294 129690    1.40668   35  102    1.24997    1.50767  20.6%  88.3  275s
 321823 131538    1.39891   31  146    1.24997    1.50600  20.5%  88.5  281s
 325700 133074    1.25458   37  115    1.24997    1.50484  20.4%  88.7  285s
 331162 134884    1.42665   40   95    1.24997    1.50325  20.3%  88.8  291s
 335301 136191    1.47056   41   88    1.24997    1.50221  20.2%  88.9  297s
H335678 131547                       1.2624132    1.50215  19.0%  88.9  297s
 337318 132552    1.35356   35  129    1.26241    1.50176  19.0%  89.0  300s
 342491 134392    1.38983   41  127    1.26241    1.50033  18.8%  89.2  305s
 348236 136402    1.40622   31   93    1.26241    1.49906  18.7%  89.4  310s
 353793 138280 infeasible   44         1.26241    1.49759  18.6%  89.5  316s
 357969 139801    1.46954   33  107    1.26241    1.49642  18.5%  89.6  320s
 363400 141655    1.40385   33  116    1.26241    1.49529  18.4%  89.8  327s
 367308 143149    1.46117   47   79    1.26241    1.49434  18.4%  89.8  331s
 372413 144665    1.39356   38  113    1.26241    1.49326  18.3%  90.0  339s
H372745 143929                       1.2642589    1.49326  18.1%  90.0  339s
 372799 144425 infeasible   41         1.26426    1.49319  18.1%  90.0  340s
 376759 145817    1.44670   35  130    1.26426    1.49213  18.0%  90.1  345s
 382153 147784    1.39675   39  115    1.26426    1.49102  17.9%  90.3  350s
 387676 149890    1.37935   33  103    1.26426    1.48984  17.8%  90.4  356s
 391810 151514    1.42878   35  119    1.26426    1.48896  17.8%  90.5  360s
 397035 153406    1.32754   43   76    1.26426    1.48781  17.7%  90.6  365s
 400864 154749    1.28885   41   75    1.26426    1.48713  17.6%  90.8  370s
 406159 156503    1.27041   43   85    1.26426    1.48608  17.5%  91.0  376s
 407546 156999    1.35373   52   63    1.26426    1.48571  17.5%  91.0  380s
 411002 158327 infeasible   47         1.26426    1.48521  17.5%  91.0  386s
 415027 159749    1.34729   32  103    1.26426    1.48436  17.4%  91.1  390s
 418948 161061     cutoff   37         1.26426    1.48364  17.4%  91.2  395s
 424049 162708    1.40938   31  113    1.26426    1.48262  17.3%  91.4  400s
 429600 164466    1.39671   40   77    1.26426    1.48148  17.2%  91.5  406s
 433840 165844    1.38215   36  106    1.26426    1.48075  17.1%  91.6  410s
 437644 167097    1.30557   28  109    1.26426    1.48001  17.1%  91.7  415s
 441896 168160    1.30024   40   80    1.26426    1.47927  17.0%  91.8  421s
 444307 168972 infeasible   32         1.26426    1.47886  17.0%  91.8  425s
 448167 170290    1.36743   34  100    1.26426    1.47829  16.9%  91.9  430s
 453287 171906 infeasible   62         1.26426    1.47749  16.9%  92.1  436s
 457125 173257    1.38332   35  114    1.26426    1.47680  16.8%  92.2  440s
 460614 174398    1.37344   39   97    1.26426    1.47628  16.8%  92.3  445s
 464591 175823    1.43499   34  128    1.26426    1.47565  16.7%  92.4  450s
 468457 177005    1.39112   36   78    1.26426    1.47494  16.7%  92.5  455s
 472795 178222    1.30455   43   74    1.26426    1.47438  16.6%  92.5  462s
H472908 177581                       1.2656128    1.47436  16.5%  92.5  462s
 473569 177962    1.35338   36   89    1.26561    1.47428  16.5%  92.5  467s
 476242 178677     cutoff   36         1.26561    1.47391  16.5%  92.6  470s
 480005 179920     cutoff   35         1.26561    1.47332  16.4%  92.6  475s
 484067 181216 infeasible   50         1.26561    1.47266  16.4%  92.7  480s
 487870 182405    1.34714   34  106    1.26561    1.47208  16.3%  92.8  485s
 492179 183738    1.34460   34  113    1.26561    1.47154  16.3%  92.9  490s
 495727 184836    1.41633   31  134    1.26561    1.47104  16.2%  93.0  495s
 501121 186437    1.39427   55   54    1.26561    1.47032  16.2%  93.1  503s
 501879 186694 infeasible   38         1.26561    1.47015  16.2%  93.1  507s
 504176 187680    1.27226   54   54    1.26561    1.46989  16.1%  93.1  510s
 508279 188974 infeasible   38         1.26561    1.46938  16.1%  93.2  515s
 512176 190164 infeasible   33         1.26561    1.46888  16.1%  93.3  520s
 515884 191275    1.40012   29  118    1.26561    1.46831  16.0%  93.3  526s
 520235 192526    1.41618   35  120    1.26561    1.46786  16.0%  93.4  531s
 524230 193912    1.39461   32  109    1.26561    1.46725  15.9%  93.4  536s
 528300 195070    1.27843   37   92    1.26561    1.46679  15.9%  93.5  541s
 530917 195673    1.33590   44   83    1.26561    1.46649  15.9%  93.6  547s
H531242 195673                       1.2656128    1.46649  15.9%  93.6  547s
 531573 195978    1.35958   37   96    1.26561    1.46645  15.9%  93.6  550s
 535230 197253    1.31126   43   84    1.26561    1.46590  15.8%  93.6  556s
 538867 198309 infeasible   37         1.26561    1.46543  15.8%  93.7  561s
 541581 199164 infeasible   29         1.26561    1.46505  15.8%  93.8  565s
 545501 200350    1.40861   33  117    1.26561    1.46461  15.7%  93.9  570s
 549146 201444 infeasible   40         1.26561    1.46409  15.7%  94.0  576s
 553209 202821    1.43214   35  106    1.26561    1.46359  15.6%  94.1  581s
 555939 203507 infeasible   36         1.26561    1.46333  15.6%  94.1  585s
 559572 204770    1.28425   34  108    1.26561    1.46290  15.6%  94.2  590s
 563610 206091    1.29606   39   95    1.26561    1.46238  15.5%  94.3  595s
 566147 206664 infeasible   51         1.26561    1.46205  15.5%  94.3  602s
H566607 195427                       1.2814506    1.46205  14.1%  94.3  602s
 567973 196175 infeasible   36         1.28145    1.46181  14.1%  94.4  606s
 571845 197207    1.41939   34  104    1.28145    1.46128  14.0%  94.5  611s
 573183 197446    1.30851   43   77    1.28145    1.46120  14.0%  94.5  615s
 576801 198700    1.31856   37  103    1.28145    1.46070  14.0%  94.6  621s
 580568 199627    1.34977   38   70    1.28145    1.46023  14.0%  94.6  626s
 584374 200874    1.45039   29  120    1.28145    1.45975  13.9%  94.7  631s
 587082 201607    1.42030   36   94    1.28145    1.45944  13.9%  94.8  635s
 591063 202809    1.28573   36   88    1.28145    1.45897  13.9%  94.9  640s
 594883 203695    1.35012   35  103    1.28145    1.45853  13.8%  95.0  648s
H594949 190499                       1.2951064    1.45853  12.6%  95.0  648s
H595047 178177                       1.3057098    1.45853  11.7%  95.0  648s
 595433 178467    1.33837   36   58    1.30571    1.45850  11.7%  95.0  650s
 598798 179378    1.33193   39   85    1.30571    1.45794  11.7%  95.1  656s
 602708 180201     cutoff   38         1.30571    1.45745  11.6%  95.2  661s
 605081 180925    1.34067   33  113    1.30571    1.45714  11.6%  95.2  665s
 608700 181774    1.40652   35  105    1.30571    1.45673  11.6%  95.4  670s
 612329 182649     cutoff   39         1.30571    1.45626  11.5%  95.5  678s
H612384 182589                       1.3057663    1.45625  11.5%  95.5  678s
H613220 170309                       1.3155094    1.45621  10.7%  95.5  678s
 613355 170509    1.37411   33  110    1.31551    1.45613  10.7%  95.5  680s
H614968 170767                       1.3155094    1.45595  10.7%  95.6  682s
 616938 171183    1.40942   36  119    1.31551    1.45571  10.7%  95.7  687s
H617236 168190                       1.3178180    1.45565  10.5%  95.7  687s
 617920 168387     cutoff   38         1.31782    1.45551  10.4%  95.7  692s
H617989 161716                       1.3226932    1.45551  10.0%  95.7  692s
H618264 161494                       1.3228349    1.45549  10.0%  95.7  692s
 619725 161998    1.33772   47   59    1.32283    1.45530  10.0%  95.8  696s
 621948 162450    1.35598   33  152    1.32283    1.45494  10.0%  95.9  700s
 624962 162948    1.32868   39   98    1.32283    1.45450  10.0%  96.1  706s
 627258 163411 infeasible   38         1.32283    1.45417  9.93%  96.2  710s
 630760 164129 infeasible   63         1.32283    1.45375  9.90%  96.3  716s
 633170 164633 infeasible   36         1.32283    1.45347  9.88%  96.4  720s
 636588 165428    1.38063   33  123    1.32283    1.45307  9.85%  96.6  730s
H636693 123541                       1.3507248    1.45304  7.57%  96.6  730s
H637758 119694                       1.3532660    1.45290  7.36%  96.6  733s
 638497 119724    1.42132   33  116    1.35327    1.45282  7.36%  96.6  735s
 641413 120061 infeasible   41         1.35327    1.45249  7.33%  96.9  740s
 644019 120227     cutoff   35         1.35327    1.45200  7.30%  97.1  748s
H644082 103863                       1.3642245    1.45198  6.43%  97.1  748s
 644541 103900    1.38518   38  130    1.36422    1.45196  6.43%  97.1  750s
 647297 104041    1.37349   37   85    1.36422    1.45148  6.40%  97.4  755s
 650237 104200    1.42468   35  103    1.36422    1.45100  6.36%  97.6  761s
 652115 104324 infeasible   36         1.36422    1.45066  6.34%  97.8  765s
 654979 104437    1.38939   31  103    1.36422    1.45015  6.30%  98.0  772s
 657646 104447     cutoff   33         1.36422    1.44959  6.26%  98.2  775s
 660473 104513    1.40330   35   96    1.36422    1.44895  6.21%  98.5  782s
 662507 104584    1.36755   38   82    1.36422    1.44867  6.19%  98.6  787s
H662670 104584                       1.3642245    1.44864  6.19%  98.6  787s
 663225 104585     cutoff   37         1.36422    1.44856  6.18%  98.7  790s
 666196 104639    1.38512   38  115    1.36422    1.44807  6.15%  98.9  796s
 667095 104742    1.37264   35  125    1.36422    1.44789  6.13%  98.9  800s
 669198 104732 infeasible   32         1.36422    1.44755  6.11%  99.1  805s
 671370 104848 infeasible   49         1.36422    1.44721  6.08%  99.2  811s
 673183 104854     cutoff   30         1.36422    1.44688  6.06%  99.4  815s
 676207 104958    1.38786   46   75    1.36422    1.44643  6.03%   100  821s
 678099 105046    1.38139   35  109    1.36422    1.44602  6.00%   100  825s
 680062 105108    1.36466   39   67    1.36422    1.44567  5.97%   100  831s
 682848 105128    1.39330   36  113    1.36422    1.44523  5.94%   100  835s
 684661 105163 infeasible   52         1.36422    1.44495  5.92%   100  841s
 686613 105323     cutoff   38         1.36422    1.44468  5.90%   100  845s
 689759 105518     cutoff   35         1.36422    1.44414  5.86%   101  851s
 691880 105628 infeasible   44         1.36422    1.44383  5.84%   101  855s
 694931 105820    1.37998   32   96    1.36422    1.44337  5.80%   101  861s
 697203 106029    1.36629   39   74    1.36422    1.44307  5.78%   101  865s
 699971 106349    1.38361   40  100    1.36422    1.44284  5.76%   101  870s
 702235 106509    1.37518   61   36    1.36422    1.44267  5.75%   101  875s
 705277 106669    1.36572   36   81    1.36422    1.44218  5.71%   101  882s
 708278 106727     cutoff   36         1.36422    1.44178  5.69%   102  886s
 710436 106923    1.40483   33  113    1.36422    1.44150  5.66%   102  890s
 712062 107130    1.38953   61   64    1.36422    1.44133  5.65%   102  897s
 714442 107365    1.39472   37  125    1.36422    1.44108  5.63%   102  903s
H714761 107094                       1.3644218    1.44107  5.62%   102  903s
 715403 107088    1.38480   38   86    1.36442    1.44097  5.61%   102  906s
 717333 107204    1.40045   46   90    1.36442    1.44073  5.59%   102  910s
 720534 107301 infeasible   36         1.36442    1.44036  5.57%   102  916s
 722464 107270     cutoff   42         1.36442    1.44001  5.54%   102  920s
 725557 107493    1.38924   31  130    1.36442    1.43963  5.51%   102  926s
 727544 107498     cutoff   44         1.36442    1.43935  5.49%   103  930s
 729570 107527    1.37667   37  112    1.36442    1.43908  5.47%   103  936s
 732272 107612     cutoff   38         1.36442    1.43872  5.45%   103  940s
 735565 107813    1.37265   35  113    1.36442    1.43826  5.41%   103  948s
H735944 107813                       1.3644218    1.43826  5.41%   103  948s
 736389 107895     cutoff   36         1.36442    1.43821  5.41%   103  951s
 738620 108041    1.37763   34  112    1.36442    1.43800  5.39%   103  955s
 741945 108220    1.38203   33  111    1.36442    1.43757  5.36%   103  962s
 743949 108314     cutoff   34         1.36442    1.43733  5.34%   103  967s
 745717 108344 infeasible   43         1.36442    1.43711  5.33%   103  971s
 747441 108468 infeasible   38         1.36442    1.43691  5.31%   104  976s
 749771 108570 infeasible   43         1.36442    1.43667  5.30%   104  991s
 750974 108703    1.39628   36  116    1.36442    1.43650  5.28%   104  996s
 753283 108834     cutoff   35         1.36442    1.43620  5.26%   104 1001s
 755784 108903    1.41627   50  103    1.36442    1.43597  5.24%   104 1005s
 758121 109049 infeasible   41         1.36442    1.43559  5.22%   104 1010s
 761412 109118    1.37095   34  137    1.36442    1.43523  5.19%   104 1017s
 763741 109211    1.39351   38  103    1.36442    1.43495  5.17%   104 1021s
 765653 109320 infeasible   42         1.36442    1.43470  5.15%   104 1026s
 767881 109348     cutoff   41         1.36442    1.43438  5.13%   104 1032s
 770517 109375    1.39843   47   41    1.36442    1.43399  5.10%   104 1036s
 772433 109389     cutoff   31         1.36442    1.43376  5.08%   105 1043s
 774720 109434     cutoff   43         1.36442    1.43347  5.06%   105 1045s
 777970 109587    1.39520   34   95    1.36442    1.43303  5.03%   105 1052s
 779182 109589    1.37413   32  116    1.36442    1.43286  5.02%   105 1056s
 780675 109646 infeasible   41         1.36442    1.43274  5.01%   105 1061s
 783048 109694    1.42136   43   86    1.36442    1.43239  4.98%   105 1065s
 786339 109791 infeasible   26         1.36442    1.43200  4.95%   105 1071s
 788812 109890     cutoff   28         1.36442    1.43170  4.93%   105 1075s
 790956 109988     cutoff   49         1.36442    1.43148  4.91%   105 1081s
 794012 110064    1.36639   36   86    1.36442    1.43113  4.89%   105 1086s
 796250 110109    1.39938   32  109    1.36442    1.43088  4.87%   106 1090s
 798394 110178    1.37210   30  104    1.36442    1.43063  4.85%   106 1096s
 800799 110196    1.36617   50   73    1.36442    1.43040  4.84%   106 1102s
 803568 110092    1.37753   35  100    1.36442    1.43000  4.81%   106 1108s
 805524 110122    1.41341   48   50    1.36442    1.42975  4.79%   106 1112s
 808294 110195    1.38253   54   77    1.36442    1.42933  4.76%   106 1116s
 810580 110198 infeasible   50         1.36442    1.42911  4.74%   106 1121s
 813535 110182    1.38276   48   42    1.36442    1.42877  4.72%   106 1127s
 814712 110212 infeasible   40         1.36442    1.42863  4.71%   106 1132s
 817511 110260 infeasible   51         1.36442    1.42826  4.68%   106 1139s
 819381 110242     cutoff   33         1.36442    1.42807  4.66%   106 1142s
 820536 110181    1.36965   42  101    1.36442    1.42790  4.65%   106 1146s
 824480 110150 infeasible   33         1.36442    1.42754  4.63%   107 1152s
 825552 110166 infeasible   42         1.36442    1.42742  4.62%   107 1155s
 829133 110009    1.36831   34  114    1.36442    1.42697  4.58%   107 1162s
 830929 109952     cutoff   37         1.36442    1.42673  4.57%   107 1168s
 832174 110008 infeasible   38         1.36442    1.42663  4.56%   107 1172s
 835480 109898    1.39224   52   88    1.36442    1.42613  4.52%   107 1178s
 837176 109858     cutoff   60         1.36442    1.42590  4.51%   107 1182s
 839075 109768     cutoff   38         1.36442    1.42565  4.49%   107 1186s
 840955 109824    1.40173   40  106    1.36442    1.42539  4.47%   107 1190s
 843592 109698    1.37451   41   85    1.36442    1.42507  4.44%   107 1198s
 846464 109634     cutoff   31         1.36442    1.42475  4.42%   107 1202s
 848358 109576    1.40311   36   87    1.36442    1.42449  4.40%   108 1206s
 850251 109582    1.41575   52   52    1.36442    1.42423  4.38%   108 1211s
 851979 109624    1.41509   34   87    1.36442    1.42400  4.37%   108 1215s
 856400 109616    1.37666   64   42    1.36442    1.42352  4.33%   108 1222s
 858507 109592    1.36927   37  103    1.36442    1.42332  4.32%   108 1225s
 861683 109623    1.38870   39  104    1.36442    1.42305  4.30%   108 1232s
 863650 109582    1.40652   44   59    1.36442    1.42281  4.28%   108 1235s
 864723 109568 infeasible   38         1.36442    1.42261  4.26%   108 1240s
 866435 109578 infeasible   39         1.36442    1.42245  4.25%   108 1245s
 870711 109616 infeasible   50         1.36442    1.42202  4.22%   108 1252s
 872005 109635    1.40649   49   57    1.36442    1.42191  4.21%   108 1255s
 874855 109605    1.40165   56   68    1.36442    1.42161  4.19%   108 1260s
 878176 109632    1.37832   35  119    1.36442    1.42123  4.16%   108 1268s
 879772 109575    1.37578   34  135    1.36442    1.42108  4.15%   108 1270s
 880875 109594    1.41524   50   55    1.36442    1.42094  4.14%   108 1275s
 885086 109704    1.40596   53   87    1.36442    1.42058  4.12%   109 1283s
 886725 109793    1.38589   32  111    1.36442    1.42046  4.11%   109 1285s
 889649 109926     cutoff   36         1.36442    1.42020  4.09%   109 1290s
 892666 110128     cutoff   31         1.36442    1.41998  4.07%   109 1296s
 895209 110110    1.37113   40   98    1.36442    1.41979  4.06%   109 1303s
 898069 110192    1.40330   44   65    1.36442    1.41953  4.04%   109 1306s
 901340 110162 infeasible   54         1.36442    1.41927  4.02%   109 1313s
 903409 110268 infeasible   38         1.36442    1.41909  4.01%   109 1316s
 905339 110254     cutoff   37         1.36442    1.41894  4.00%   109 1320s
 907337 110314    1.37033   39  108    1.36442    1.41879  3.98%   109 1325s
 910622 110388    1.40517   55   58    1.36442    1.41852  3.96%   109 1332s
 912460 110427 infeasible   41         1.36442    1.41835  3.95%   109 1335s
 914902 110339    1.40106   44   59    1.36442    1.41813  3.94%   109 1342s
 917277 110340    1.37366   37  128    1.36442    1.41798  3.93%   109 1345s
 921386 110367    1.38711   59   40    1.36442    1.41758  3.90%   109 1352s
 923375 110406     cutoff   37         1.36442    1.41739  3.88%   109 1355s
 926551 110378    1.36947   52   62    1.36442    1.41709  3.86%   109 1360s
 929690 110289 infeasible   53         1.36442    1.41680  3.84%   109 1366s
 930530 110179    1.38056   56   39    1.36442    1.41668  3.83%   109 1372s
 933281 110090     cutoff   33         1.36442    1.41646  3.81%   109 1376s
 935439 110027     cutoff   46         1.36442    1.41623  3.80%   109 1381s
 936840 110150    1.37177   61   52    1.36442    1.41612  3.79%   109 1385s
 940900 110241 infeasible   33         1.36442    1.41582  3.77%   109 1390s
 943557 110335    1.37376   45   90    1.36442    1.41566  3.76%   109 1395s
 946429 110414    1.36562   41  110    1.36442    1.41551  3.74%   109 1402s
 949387 110374    1.36980   37   95    1.36442    1.41531  3.73%   109 1407s
 951263 110391    1.40753   46   69    1.36442    1.41513  3.72%   109 1411s
 954986 110362     cutoff   34         1.36442    1.41488  3.70%   109 1417s
 956953 110341     cutoff   43         1.36442    1.41475  3.69%   109 1420s
 960312 110274     cutoff   62         1.36442    1.41443  3.67%   109 1428s
 962379 110350 infeasible   33         1.36442    1.41429  3.65%   109 1430s
 965029 110411 infeasible   39         1.36442    1.41412  3.64%   109 1437s
 966219 110508    1.36842   35  119    1.36442    1.41404  3.64%   109 1440s
 968841 110512     cutoff   35         1.36442    1.41386  3.62%   109 1445s
 971937 110511    1.41329   47   73    1.36442    1.41361  3.61%   109 1452s
 973615 110429    1.39661   57   31    1.36442    1.41350  3.60%   109 1455s
 977068 110351 infeasible   55         1.36442    1.41321  3.58%   109 1462s
 979200 110332     cutoff   34         1.36442    1.41308  3.57%   109 1466s
 980895 110297    1.36560   50   78    1.36442    1.41300  3.56%   109 1470s
 984240 110262     cutoff   44         1.36442    1.41271  3.54%   109 1476s
 986133 110175    1.38826   39  104    1.36442    1.41260  3.53%   109 1480s
 989834 110138     cutoff   34         1.36442    1.41234  3.51%   109 1487s
 992067 110034     cutoff   58         1.36442    1.41217  3.50%   109 1491s
 995769 109939 infeasible   37         1.36442    1.41190  3.48%   109 1499s
 996995 109885    1.40024   32  100    1.36442    1.41182  3.47%   110 1501s
 998233 109918 infeasible   37         1.36442    1.41168  3.46%   110 1505s
 1001667 109864    1.40855   53   73    1.36442    1.41143  3.45%   110 1512s
 1004035 109881     cutoff   35         1.36442    1.41129  3.44%   110 1515s
 1006842 109666 infeasible   44         1.36442    1.41105  3.42%   110 1522s
 1008737 109532     cutoff   34         1.36442    1.41087  3.40%   110 1525s
 1012854 109510 infeasible   42         1.36442    1.41057  3.38%   110 1532s
 1013865 109406    1.40553   54   42    1.36442    1.41049  3.38%   110 1537s
 1016835 109373    1.38772   37  103    1.36442    1.41036  3.37%   110 1541s
 1018766 109267     cutoff   42         1.36442    1.41016  3.35%   110 1545s
 1022640 109152    1.37174   40  100    1.36442    1.40992  3.33%   110 1551s
 1024522 109072    1.38414   57   73    1.36442    1.40979  3.32%   110 1556s
 1026036 108981 infeasible   44         1.36442    1.40973  3.32%   110 1560s
 1030250 108962    1.36926   32  124    1.36442    1.40939  3.30%   110 1568s
 1032266 108986 infeasible   38         1.36442    1.40927  3.29%   110 1571s
 1034948 108850    1.37392   39   97    1.36442    1.40906  3.27%   110 1577s
 1036571 108708    1.39381   40   99    1.36442    1.40896  3.26%   110 1581s
 1038575 108583     cutoff   38         1.36442    1.40878  3.25%   110 1585s
 1040565 108464     cutoff   40         1.36442    1.40864  3.24%   110 1590s
 1044623 108288    1.37073   36  107    1.36442    1.40839  3.22%   110 1599s
 1046753 108273     cutoff   52         1.36442    1.40819  3.21%   110 1602s
 1047609 108206    1.38486   45   81    1.36442    1.40817  3.21%   110 1605s
 1048902 108125     cutoff   47         1.36442    1.40805  3.20%   110 1610s
 1052946 107883    1.38865   37  107    1.36442    1.40775  3.18%   110 1617s
 1054971 107742    1.40466   51   54    1.36442    1.40758  3.16%   110 1621s
 1056977 107664 infeasible   54         1.36442    1.40746  3.15%   110 1625s
 1060864 107433 infeasible   31         1.36442    1.40715  3.13%   110 1632s
 1062912 107369    1.37330   54   42    1.36442    1.40702  3.12%   110 1636s
 1065007 107302 infeasible   58         1.36442    1.40688  3.11%   110 1640s
 1068799 106998    1.39116   41  101    1.36442    1.40660  3.09%   110 1648s
 1070735 106917     cutoff   56         1.36442    1.40647  3.08%   110 1652s
 1072940 106923     cutoff   35         1.36442    1.40634  3.07%   110 1655s
 1073693 106849    1.38788   52   90    1.36442    1.40632  3.07%   110 1662s
 1077285 106821     cutoff   39         1.36442    1.40606  3.05%   110 1665s
 1080664 106789    1.39319   51   69    1.36442    1.40585  3.04%   110 1672s
 1081879 106728    1.39228   38  113    1.36442    1.40574  3.03%   110 1676s
 1084187 106614    1.38091   44   91    1.36442    1.40561  3.02%   110 1680s
 1086263 106545     cutoff   52         1.36442    1.40552  3.01%   110 1685s
 1088223 106427     cutoff   31         1.36442    1.40537  3.00%   110 1690s
 1089930 106387    1.37101   38  109    1.36442    1.40527  2.99%   110 1695s
 1093882 106147    1.36975   33  129    1.36442    1.40505  2.98%   110 1702s
 1095791 106047    1.37790   32  119    1.36442    1.40490  2.97%   110 1705s
 1099681 105821 infeasible   30         1.36442    1.40465  2.95%   110 1713s
 1101714 105694 infeasible   44         1.36442    1.40452  2.94%   110 1718s
 1103818 105598 infeasible   43         1.36442    1.40440  2.93%   110 1722s
 1105724 105453     cutoff   37         1.36442    1.40424  2.92%   110 1726s
 1107717 105258     cutoff   52         1.36442    1.40413  2.91%   110 1730s
 1111764 104939    1.37868   41  100    1.36442    1.40385  2.89%   110 1738s
 1113919 104823     cutoff   38         1.36442    1.40371  2.88%   110 1743s
 1115561 104721     cutoff   37         1.36442    1.40360  2.87%   110 1747s
 1117651 104567     cutoff   41         1.36442    1.40345  2.86%   110 1751s
 1119758 104492     cutoff   40         1.36442    1.40330  2.85%   110 1756s
 1121470 104351    1.37471   35  124    1.36442    1.40325  2.85%   110 1760s
 1123356 104211    1.37305   33  109    1.36442    1.40309  2.83%   110 1765s
 1126927 103906     cutoff   29         1.36442    1.40289  2.82%   110 1773s
 1128892 103754 infeasible   35         1.36442    1.40272  2.81%   111 1777s
 1131079 103635    1.39838   32  102    1.36442    1.40255  2.79%   111 1782s
 1133083 103493    1.39127   44  106    1.36442    1.40248  2.79%   111 1786s
 1135076 103342    1.38555   35  124    1.36442    1.40231  2.78%   111 1790s
 1137320 103129    1.36822   40   96    1.36442    1.40215  2.77%   111 1795s
 1139188 103012     cutoff   38         1.36442    1.40199  2.75%   111 1800s
 1143308 102796 infeasible   50         1.36442    1.40167  2.73%   111 1809s
 1144989 102817 infeasible   31         1.36442    1.40163  2.73%   111 1813s
 1147032 102747     cutoff   47         1.36442    1.40150  2.72%   111 1817s
 1149057 102745 infeasible   40         1.36442    1.40135  2.71%   111 1823s
 1151102 102626    1.39493   36  128    1.36442    1.40128  2.70%   111 1827s
 1153143 102596    1.39881   50   57    1.36442    1.40112  2.69%   111 1832s
 1155286 102491    1.37024   44  103    1.36442    1.40101  2.68%   111 1836s
 1157509 102358     cutoff   34         1.36442    1.40087  2.67%   111 1841s
 1159381 102292     cutoff   43         1.36442    1.40075  2.66%   111 1845s
 1161440 102303 infeasible   32         1.36442    1.40060  2.65%   111 1850s
 1164682 102125 infeasible   37         1.36442    1.40042  2.64%   111 1858s
 1166918 101966     cutoff   37         1.36442    1.40027  2.63%   111 1863s
 1169230 101876    1.36649   47   69    1.36442    1.40014  2.62%   111 1868s
 1171408 101814    1.37937   47   77    1.36442    1.40003  2.61%   111 1873s
 1173697 101775    1.37525   57   53    1.36442    1.39994  2.60%   111 1878s
 1175656 101613 infeasible   49         1.36442    1.39981  2.59%   111 1883s
 1177688 101567 infeasible   47         1.36442    1.39970  2.59%   111 1888s
 1179858 101390    1.39242   38   84    1.36442    1.39959  2.58%   111 1893s
 1181914 101303    1.37390   37  112    1.36442    1.39944  2.57%   111 1898s
 1184099 101171    1.38006   42   86    1.36442    1.39932  2.56%   111 1903s
 1185921 101069     cutoff   39         1.36442    1.39925  2.55%   111 1908s
 1187842 100982 infeasible   46         1.36442    1.39917  2.55%   111 1913s
 1190023 100861    1.38350   49   71    1.36442    1.39903  2.54%   111 1919s
 1192011 100715     cutoff   48         1.36442    1.39891  2.53%   111 1924s
 1194102 100555    1.39845   61   68    1.36442    1.39884  2.52%   111 1928s
 1196130 100372    1.37024   52   86    1.36442    1.39867  2.51%   111 1932s
 1198214 100240    1.38635   50   69    1.36442    1.39856  2.50%   111 1937s
 1200564 100053     cutoff   58         1.36442    1.39843  2.49%   111 1942s
 1202826 99849     cutoff   60         1.36442    1.39829  2.48%   111 1947s
 1204985 99686     cutoff   35         1.36442    1.39817  2.47%   111 1953s
 1206575 99578 infeasible   58         1.36442    1.39808  2.47%   111 1958s
 1208490 99314    1.37212   41   88    1.36442    1.39799  2.46%   111 1963s
 1210849 99095 infeasible   35         1.36442    1.39781  2.45%   111 1968s
 1212906 98994    1.36956   42   80    1.36442    1.39768  2.44%   111 1973s
 1215162 98856     cutoff   41         1.36442    1.39759  2.43%   111 1977s
 1216822 98697    1.36592   36   91    1.36442    1.39749  2.42%   111 1983s
 1219242 98636     cutoff   40         1.36442    1.39739  2.42%   111 1988s
 1221662 98478    1.39036   56   58    1.36442    1.39727  2.41%   111 1993s
 1223422 98373    1.38443   48   71    1.36442    1.39715  2.40%   111 1998s
 1225620 98290    1.37345   51   72    1.36442    1.39702  2.39%   111 2001s
 1227098 98347     cutoff   51         1.36442    1.39695  2.38%   111 2006s
 1230828 98385    1.38320   32  120    1.36442    1.39686  2.38%   111 2013s
 1232211 98354     cutoff   46         1.36442    1.39676  2.37%   111 2016s
 1233878 98189    1.39047   47   84    1.36442    1.39665  2.36%   111 2021s
 1235860 98159    1.39639   50   78    1.36442    1.39657  2.36%   111 2026s
 1237594 98107    1.39050   55   61    1.36442    1.39652  2.35%   111 2030s
 1241162 97807    1.36792   54   66    1.36442    1.39635  2.34%   111 2040s
 1245462 97452    1.38055   52   27    1.36442    1.39611  2.32%   111 2049s
 1247859 97314    1.37651   45   86    1.36442    1.39599  2.31%   111 2054s
 1250114 97120    1.37972   32  154    1.36442    1.39588  2.31%   111 2059s
 1252327 97014     cutoff   50         1.36442    1.39577  2.30%   111 2064s
 1254396 96832    1.38499   53   66    1.36442    1.39567  2.29%   111 2068s
 1256483 96735 infeasible   54         1.36442    1.39556  2.28%   111 2073s
 1258839 96666    1.37553   53   44    1.36442    1.39545  2.27%   111 2078s
 1260761 96577    1.37745   33  108    1.36442    1.39537  2.27%   111 2082s
 1262883 96441    1.37727   53   65    1.36442    1.39524  2.26%   111 2087s
 1265064 96382     cutoff   53         1.36442    1.39516  2.25%   111 2091s
 1266570 96272 infeasible   51         1.36442    1.39507  2.25%   111 2096s
 1268888 96193    1.36828   31  111    1.36442    1.39498  2.24%   111 2101s
 1271311 96071     cutoff   41         1.36442    1.39486  2.23%   111 2105s
 1274972 95747    1.37818   41   68    1.36442    1.39467  2.22%   111 2114s
 1277178 95527    1.36618   34  101    1.36442    1.39456  2.21%   111 2119s
 1279350 95473 infeasible   46         1.36442    1.39446  2.20%   111 2123s
 1281435 95305    1.37680   46   74    1.36442    1.39435  2.19%   111 2128s
 1283482 95166 infeasible   64         1.36442    1.39426  2.19%   111 2132s
 1285730 95055 infeasible   39         1.36442    1.39419  2.18%   111 2137s
 1287325 94844    1.36655   48   72    1.36442    1.39408  2.17%   111 2142s
 1289598 94669     cutoff   60         1.36442    1.39399  2.17%   111 2147s
 1291723 94449 infeasible   57         1.36442    1.39388  2.16%   111 2151s
 1293799 94282    1.36923   39   83    1.36442    1.39378  2.15%   111 2156s
 1296135 94144    1.38997   53   68    1.36442    1.39364  2.14%   111 2161s
 1298697 93888     cutoff   37         1.36442    1.39356  2.14%   111 2166s
 1300771 93593    1.38324   52   78    1.36442    1.39341  2.12%   111 2170s
 1303046 93277     cutoff   38         1.36442    1.39330  2.12%   111 2175s
 1305300 93062    1.39095   56   49    1.36442    1.39317  2.11%   111 2180s
 1307635 92850    1.39244   44   77    1.36442    1.39304  2.10%   111 2185s
 1311542 92549 infeasible   38         1.36442    1.39281  2.08%   111 2194s
 1313474 92323    1.37649   40   96    1.36442    1.39271  2.07%   111 2199s
 1315879 92137     cutoff   39         1.36442    1.39262  2.07%   111 2203s
 1318191 92024    1.36583   39   95    1.36442    1.39250  2.06%   111 2208s
 1320376 91796 infeasible   56         1.36442    1.39238  2.05%   110 2213s
 1322384 91683    1.37684   50   72    1.36442    1.39227  2.04%   110 2218s
 1324058 91443    1.37791   42   69    1.36442    1.39219  2.04%   110 2223s
 1326195 91202    1.36685   53   59    1.36442    1.39207  2.03%   110 2227s
 1328161 91039    1.38604   51   97    1.36442    1.39198  2.02%   110 2232s
 1330257 90851 infeasible   59         1.36442    1.39183  2.01%   110 2236s
 1332515 90726 infeasible   52         1.36442    1.39170  2.00%   110 2242s
 1334676 90446 infeasible   57         1.36442    1.39161  1.99%   110 2246s
 1336746 90266    1.38799   54   54    1.36442    1.39149  1.98%   110 2251s
 1339031 90060    1.37377   51   93    1.36442    1.39142  1.98%   110 2256s
 1341156 90019    1.38875   57   38    1.36442    1.39128  1.97%   110 2260s
 1343365 89910 infeasible   47         1.36442    1.39118  1.96%   110 2266s
 1345362 89671 infeasible   39         1.36442    1.39107  1.95%   110 2270s
 1347938 89492    1.37350   37  106    1.36442    1.39095  1.94%   110 2275s
 1350249 89356    1.38476   45   61    1.36442    1.39086  1.94%   110 2280s
 1354125 89080     cutoff   49         1.36442    1.39066  1.92%   110 2289s
 1356594 88879     cutoff   38         1.36442    1.39058  1.92%   110 2293s
 1358991 88788 infeasible   53         1.36442    1.39046  1.91%   110 2299s
 1361055 88664     cutoff   59         1.36442    1.39037  1.90%   110 2304s
 1361897 88664 infeasible   36         1.36442    1.39035  1.90%   110 2305s
 1365358 88303     cutoff   46         1.36442    1.39019  1.89%   110 2314s
 1367894 88120 infeasible   35         1.36442    1.39007  1.88%   110 2319s
 1370245 87857    1.38867   63   42    1.36442    1.38997  1.87%   110 2323s
 1372667 87552 infeasible   45         1.36442    1.38985  1.86%   110 2328s
 1374785 87426    1.38748   48   24    1.36442    1.38975  1.86%   110 2333s
 1376631 87202    1.38541   60   30    1.36442    1.38967  1.85%   110 2338s
 1378920 86881     cutoff   31         1.36442    1.38956  1.84%   110 2343s
 1381252 86795     cutoff   45         1.36442    1.38947  1.84%   110 2347s
 1383899 86691     cutoff   39         1.36442    1.38936  1.83%   110 2352s
 1386255 86483     cutoff   40         1.36442    1.38927  1.82%   110 2357s
 1388600 86189 infeasible   45         1.36442    1.38918  1.81%   110 2361s
 1390790 85890     cutoff   51         1.36442    1.38904  1.80%   110 2365s
 1393085 85689    1.38566   42  112    1.36442    1.38894  1.80%   110 2370s
 1394929 85482    1.38853   62   69    1.36442    1.38888  1.79%   110 2375s
 1399007 84979    1.37743   41   99    1.36442    1.38866  1.78%   110 2384s
 1401282 84814    1.38318   43   76    1.36442    1.38857  1.77%   110 2388s
 1402993 84627     cutoff   49         1.36442    1.38848  1.76%   110 2393s
 1405446 84514    1.36992   43   81    1.36442    1.38839  1.76%   110 2397s
 1408100 84370     cutoff   39         1.36442    1.38828  1.75%   110 2402s
 1410774 84269    1.38453   43  109    1.36442    1.38820  1.74%   110 2407s
 1413009 84069     cutoff   53         1.36442    1.38810  1.74%   110 2411s
 1414935 83875 infeasible   33         1.36442    1.38802  1.73%   110 2416s
 1416656 83578     cutoff   42         1.36442    1.38799  1.73%   110 2420s
 1420911 83101     cutoff   42         1.36442    1.38770  1.71%   110 2429s
 1423200 82780 infeasible   49         1.36442    1.38757  1.70%   110 2434s
 1425769 82523     cutoff   45         1.36442    1.38749  1.69%   110 2438s
 1427777 82217    1.37069   38   96    1.36442    1.38737  1.68%   110 2443s
 1430161 81917    1.37536   41   66    1.36442    1.38727  1.67%   110 2447s
 1432505 81532    1.36559   56   48    1.36442    1.38716  1.67%   110 2452s
 1434796 81296    1.37944   37  103    1.36442    1.38704  1.66%   110 2457s
 1436581 80951     cutoff   42         1.36442    1.38697  1.65%   110 2462s
 1438864 80730     cutoff   55         1.36442    1.38686  1.64%   110 2467s
 1440686 80505 infeasible   53         1.36442    1.38680  1.64%   110 2471s
 1442673 80096     cutoff   54         1.36442    1.38670  1.63%   110 2476s
 1445097 79781    1.37490   47   97    1.36442    1.38657  1.62%   110 2480s
 1447257 79356     cutoff   59         1.36442    1.38645  1.61%   110 2485s
 1449849 79019    1.37640   60   45    1.36442    1.38634  1.61%   110 2490s
 1451966 78633     cutoff   52         1.36442    1.38619  1.60%   110 2495s
 1454310 78411 infeasible   62         1.36442    1.38609  1.59%   110 2500s
 1458437 77870 infeasible   42         1.36442    1.38589  1.57%   110 2509s
 1460654 77583 infeasible   49         1.36442    1.38583  1.57%   110 2513s
 1462961 77393    1.37648   56   32    1.36442    1.38568  1.56%   110 2518s
 1465443 77099    1.36925   45  100    1.36442    1.38556  1.55%   110 2522s
 1467570 76850    1.38126   52   78    1.36442    1.38547  1.54%   110 2527s
 1469801 76591    1.37727   58   42    1.36442    1.38538  1.54%   110 2531s
 1472252 76323    1.37403   47   51    1.36442    1.38528  1.53%   110 2536s
 1474525 75977     cutoff   38         1.36442    1.38515  1.52%   110 2540s
 1476658 75652    1.38406   55   68    1.36442    1.38504  1.51%   110 2545s
 1481172 75125 infeasible   44         1.36442    1.38483  1.50%   110 2555s
 1485532 74448    1.36791   53   44    1.36442    1.38460  1.48%   110 2563s
 1487750 74170    1.37311   50   58    1.36442    1.38447  1.47%   110 2568s
 1489868 73891     cutoff   40         1.36442    1.38438  1.46%   110 2574s
 1491533 73598 infeasible   41         1.36442    1.38427  1.45%   110 2579s
 1493620 73237     cutoff   49         1.36442    1.38418  1.45%   110 2584s
 1495989 72915 infeasible   40         1.36442    1.38404  1.44%   109 2589s
 1498275 72633    1.38244   40  109    1.36442    1.38395  1.43%   109 2593s
 1500074 72226     cutoff   59         1.36442    1.38384  1.42%   109 2598s
 1502363 71906     cutoff   43         1.36442    1.38370  1.41%   109 2602s
 1504627 71628    1.38166   59   54    1.36442    1.38362  1.41%   109 2606s
 1506792 71321 infeasible   68         1.36442    1.38348  1.40%   109 2611s
 1509215 70948    1.38147   36  115    1.36442    1.38338  1.39%   109 2615s
 1511519 70625     cutoff   48         1.36442    1.38325  1.38%   109 2620s
 1513777 70357    1.38100   57   52    1.36442    1.38316  1.37%   109 2626s
 1515883 69960    1.38032   41   91    1.36442    1.38311  1.37%   109 2630s
 1517843 69622 infeasible   50         1.36442    1.38294  1.36%   109 2635s
 1521875 68790    1.36545   57   41    1.36442    1.38271  1.34%   109 2644s
 1524308 68586    1.38070   41  100    1.36442    1.38263  1.33%   109 2649s
 1525748 68246     cutoff   45         1.36442    1.38256  1.33%   109 2654s
 1527788 67887    1.37414   52   50    1.36442    1.38240  1.32%   109 2659s
 1530282 67554     cutoff   34         1.36442    1.38231  1.31%   109 2663s
 1532442 67183    1.37131   43   82    1.36442    1.38217  1.30%   109 2668s
 1534719 66858    1.37470   42  109    1.36442    1.38208  1.29%   109 2672s
 1537123 66440 infeasible   59         1.36442    1.38193  1.28%   109 2677s
 1539280 65996     cutoff   42         1.36442    1.38183  1.28%   109 2681s
 1541626 65658     cutoff   35         1.36442    1.38171  1.27%   109 2686s
 1544010 65275 infeasible   56         1.36442    1.38157  1.26%   109 2690s
 1546503 64826    1.37608   56   48    1.36442    1.38145  1.25%   109 2695s
 1548789 64419     cutoff   46         1.36442    1.38134  1.24%   109 2700s
 1551222 63910    1.37026   50   89    1.36442    1.38117  1.23%   109 2705s
 1553422 63591     cutoff   40         1.36442    1.38108  1.22%   109 2710s
 1557451 62672    1.37242   37   89    1.36442    1.38085  1.20%   109 2718s
 1559515 62289    1.38015   49  110    1.36442    1.38072  1.19%   109 2723s
 1561769 62023     cutoff   42         1.36442    1.38061  1.19%   109 2728s
 1564329 61732    1.36603   41   81    1.36442    1.38047  1.18%   109 2732s
 1566675 61302 infeasible   37         1.36442    1.38036  1.17%   109 2737s
 1569122 60895     cutoff   42         1.36442    1.38025  1.16%   109 2741s
 1571199 60552 infeasible   45         1.36442    1.38010  1.15%   109 2746s
 1573815 60202     cutoff   38         1.36442    1.38001  1.14%   109 2750s
 1576083 59844 infeasible   44         1.36442    1.37989  1.13%   109 2755s
 1577926 59368 infeasible   58         1.36442    1.37980  1.13%   109 2760s
 1582371 58761     cutoff   40         1.36442    1.37953  1.11%   109 2769s
 1584265 58337     cutoff   37         1.36442    1.37946  1.10%   109 2774s
 1586313 57965 infeasible   58         1.36442    1.37932  1.09%   109 2778s
 1588932 57537 infeasible   58         1.36442    1.37920  1.08%   109 2783s
 1591473 57195    1.37876   41   90    1.36442    1.37909  1.07%   109 2787s
 1593924 56893    1.37522   35  138    1.36442    1.37899  1.07%   109 2792s
 1595694 56462    1.37511   36  130    1.36442    1.37896  1.07%   109 2795s
 1600817 55575     cutoff   37         1.36442    1.37863  1.04%   109 2803s
 1603698 55056     cutoff   42         1.36442    1.37850  1.03%   109 2807s
 1606111 54599 infeasible   46         1.36442    1.37834  1.02%   109 2811s
 1608368 54182     cutoff   40         1.36442    1.37825  1.01%   109 2815s
 1610685 53680     cutoff   67         1.36442    1.37813  1.00%   109 2820s
 1614989 52841     cutoff   52         1.36442    1.37792  0.99%   109 2827s
 1616934 52435    1.37329   53   57    1.36442    1.37778  0.98%   109 2831s
 1619194 52113    1.36604   65   45    1.36442    1.37769  0.97%   109 2835s
 1623062 51454     cutoff   51         1.36442    1.37750  0.96%   109 2844s
 1624751 51003 infeasible   39         1.36442    1.37739  0.95%   109 2848s
 1627396 50678    1.37459   51   61    1.36442    1.37729  0.94%   109 2852s
 1629218 50286    1.37332   57   56    1.36442    1.37721  0.94%   109 2857s
 1631627 49826    1.37518   45   60    1.36442    1.37710  0.93%   109 2861s
 1634033 49528     cutoff   51         1.36442    1.37697  0.92%   109 2865s
 1638850 48710    1.37608   61   40    1.36442    1.37675  0.90%   109 2873s
 1641157 48326     cutoff   42         1.36442    1.37662  0.89%   109 2878s
 1643659 47877 infeasible   46         1.36442    1.37654  0.89%   109 2881s
 1645754 47442    1.36630   49   69    1.36442    1.37639  0.88%   109 2886s
 1648225 46948    1.36702   39   90    1.36442    1.37626  0.87%   109 2890s
 1652017 46058     cutoff   46         1.36442    1.37607  0.85%   109 2898s
 1654644 45582     cutoff   46         1.36442    1.37595  0.84%   109 2902s
 1656941 45224 infeasible   41         1.36442    1.37582  0.84%   109 2907s
 1659097 44688    1.37054   66   43    1.36442    1.37573  0.83%   109 2912s
 1661579 44217     cutoff   45         1.36442    1.37561  0.82%   109 2916s
 1663786 43705     cutoff   61         1.36442    1.37547  0.81%   108 2921s
 1666127 43350 infeasible   59         1.36442    1.37541  0.81%   108 2926s
 1667872 42918     cutoff   40         1.36442    1.37529  0.80%   108 2931s
 1670210 42472     cutoff   33         1.36442    1.37517  0.79%   108 2936s
 1672518 41912     cutoff   46         1.36442    1.37506  0.78%   108 2942s
 1675047 41493    1.37472   35   86    1.36442    1.37496  0.77%   108 2947s
 1677198 41142    1.37138   66   35    1.36442    1.37484  0.76%   108 2952s
 1679200 40672     cutoff   41         1.36442    1.37474  0.76%   108 2957s
 1681578 40126 infeasible   41         1.36442    1.37463  0.75%   108 2962s
 1683904 39590     cutoff   47         1.36442    1.37449  0.74%   108 2968s
 1686273 39161    1.37395   53   44    1.36442    1.37437  0.73%   108 2973s
 1687971 38502     cutoff   45         1.36442    1.37434  0.73%   108 2978s
 1690002 38021 infeasible   48         1.36442    1.37412  0.71%   108 2985s
 1692345 37526     cutoff   52         1.36442    1.37400  0.70%   108 2990s
 1694522 37091     cutoff   45         1.36442    1.37389  0.69%   108 2996s
 1696629 36647    1.36783   61   34    1.36442    1.37380  0.69%   108 3002s
 1698516 36062 infeasible   39         1.36442    1.37370  0.68%   108 3007s
 1700859 35465     cutoff   40         1.36442    1.37358  0.67%   108 3013s
 1703161 34929 infeasible   53         1.36442    1.37344  0.66%   108 3018s
 1705449 34397    1.37303   53   72    1.36442    1.37333  0.65%   108 3024s
 1707742 33737 infeasible   58         1.36442    1.37321  0.64%   108 3029s
 1709886 33244    1.37246   39  130    1.36442    1.37306  0.63%   108 3035s
 1712219 32661     cutoff   62         1.36442    1.37294  0.62%   108 3040s
 1714489 32099     cutoff   38         1.36442    1.37276  0.61%   108 3045s
 1716892 31546 infeasible   39         1.36442    1.37262  0.60%   108 3050s
 1719174 30944    1.36534   48   69    1.36442    1.37251  0.59%   108 3055s
 1721481 30532    1.37042   39  110    1.36442    1.37238  0.58%   108 3060s
 1723599 30176 infeasible   63         1.36442    1.37227  0.58%   108 3065s
 1724810 29636     cutoff   34         1.36442    1.37219  0.57%   108 3070s
 1726881 29106    1.36971   52   76    1.36442    1.37205  0.56%   108 3076s
 1728895 28489 infeasible   38         1.36442    1.37197  0.55%   108 3081s
 1731194 27831    1.37054   62   49    1.36442    1.37177  0.54%   108 3086s
 1733630 27205    1.36884   59   59    1.36442    1.37157  0.52%   108 3091s
 1735979 26474    1.36946   48   67    1.36442    1.37143  0.51%   108 3096s
 1738388 25834    1.36835   43   99    1.36442    1.37127  0.50%   108 3102s
 1740679 25303     cutoff   48         1.36442    1.37111  0.49%   108 3107s
 1742741 24784    1.37014   46   71    1.36442    1.37099  0.48%   108 3113s
 1744943 24267     cutoff   39         1.36442    1.37089  0.47%   108 3118s
 1747057 23780    1.36609   37   81    1.36442    1.37074  0.46%   108 3124s
 1748919 23109    1.36956   51   58    1.36442    1.37064  0.46%   108 3129s
 1751143 22606    1.36976   40  119    1.36442    1.37051  0.45%   108 3134s
 1753244 22075     cutoff   47         1.36442    1.37039  0.44%   108 3139s
 1755337 21667 infeasible   57         1.36442    1.37027  0.43%   108 3144s
 1757598 21396     cutoff   38         1.36442    1.37023  0.43%   108 3149s
 1759728 20905    1.36873   45   93    1.36442    1.37007  0.41%   108 3154s
 1761570 20346    1.36811   60   36    1.36442    1.36992  0.40%   108 3160s
 1764081 19639    1.36497   42   76    1.36442    1.36981  0.39%   108 3166s
 1766451 18982    1.36759   45  110    1.36442    1.36967  0.38%   108 3171s
 1768771 18419 infeasible   42         1.36442    1.36950  0.37%   108 3177s
 1770439 17695     cutoff   29         1.36442    1.36942  0.37%   108 3183s
 1772802 16958    1.36731   43   67    1.36442    1.36926  0.35%   108 3188s
 1775031 16275    1.36865   43   67    1.36442    1.36908  0.34%   108 3193s
 1777317 15522 infeasible   54         1.36442    1.36891  0.33%   108 3199s
 1779490 14857 infeasible   45         1.36442    1.36873  0.32%   108 3204s
 1781535 14202     cutoff   58         1.36442    1.36857  0.30%   108 3210s
 1783712 13439    1.36668   51   53    1.36442    1.36840  0.29%   108 3215s
 1786030 12639     cutoff   43         1.36442    1.36824  0.28%   108 3220s
 1788362 11958     cutoff   68         1.36442    1.36804  0.27%   108 3225s
 1790318 11126    1.36470   42   57    1.36442    1.36785  0.25%   108 3231s
 1792783 10603 infeasible   60         1.36442    1.36770  0.24%   107 3239s
 1794270  9994    1.36740   45  101    1.36442    1.36759  0.23%   107 3244s
 1796283  9328     cutoff   45         1.36442    1.36742  0.22%   107 3248s
 1797891  8438    1.36699   50   60    1.36442    1.36722  0.21%   107 3254s
 1800115  7549 infeasible   38         1.36442    1.36702  0.19%   107 3260s
 1802350  6755     cutoff   29         1.36442    1.36688  0.18%   107 3268s
 1804207  5799 infeasible   55         1.36442    1.36663  0.16%   107 3273s
 1806409  4809     cutoff   28         1.36442    1.36640  0.15%   107 3278s
 1808287  3925    1.36539   47   81    1.36442    1.36614  0.13%   107 3283s
 1810170  2710     cutoff   52         1.36442    1.36583  0.10%   107 3288s
 1812147  1716     cutoff   52         1.36442    1.36557  0.08%   107 3293s
 1813867   682     cutoff   41         1.36442    1.36523  0.06%   107 3298s
 1815548    34 infeasible   34         1.36442    1.36483  0.03%   107 3307s

Cutting planes:
  Cover: 3099
  Implied bound: 36
  Clique: 2
  MIR: 55
  StrongCG: 6
  Flow cover: 119
  GUB cover: 1
  Inf proof: 61
  RLT: 28
  Relax-and-lift: 13
  Lazy constraints: 584

Explored 1816414 nodes (195011990 simplex iterations) in 3307.79 seconds (5439.45 work units)
Thread count was 18 (of 36 available processors)

Solution count 10: 1.36442 1.36422 1.35327 ... 1.30571

Optimal solution found (tolerance 1.00e-04)
Best objective 1.364421810193e+00, best bound 1.364421810193e+00, gap 0.0000%

User-callback calls 3710805, time in user-callback 6.32 sec
